[    0.000000] Initializing cgroup subsys cpuset
[    0.000000] Initializing cgroup subsys cpu
[    0.000000] Initializing cgroup subsys cpuacct
[    0.000000] Linux version 4.4.0-59-generic (buildd@lgw01-11) (gcc version 5.4.0 20160609 (Ubuntu 5.4.0-6ubuntu1~16.04.4) ) #80-Ubuntu SMP Fri Jan 6 17:47:47 UTC 2017 (Ubuntu 4.4.0-59.80-generic 4.4.35)
[    0.000000] Command line: BOOT_IMAGE=/boot/vmlinuz-4.4.0-59-generic root=LABEL=cloudimg-rootfs ro console=tty1 console=ttyS0
[    0.000000] KERNEL supported cpus:
[    0.000000]   Intel GenuineIntel
[    0.000000]   AMD AuthenticAMD
[    0.000000]   Centaur CentaurHauls
[    0.000000] x86/fpu: xstate_offset[2]:  576, xstate_sizes[2]:  256
[    0.000000] x86/fpu: Supporting XSAVE feature 0x01: 'x87 floating point registers'
[    0.000000] x86/fpu: Supporting XSAVE feature 0x02: 'SSE registers'
[    0.000000] x86/fpu: Supporting XSAVE feature 0x04: 'AVX registers'
[    0.000000] x86/fpu: Enabled xstate features 0x7, context size is 832 bytes, using 'standard' format.
[    0.000000] x86/fpu: Using 'lazy' FPU context switches.
[    0.000000] e820: BIOS-provided physical RAM map:
[    0.000000] BIOS-e820: [mem 0x0000000000000000-0x000000000009fbff] usable
[    0.000000] BIOS-e820: [mem 0x000000000009fc00-0x000000000009ffff] reserved
[    0.000000] BIOS-e820: [mem 0x00000000000f0000-0x00000000000fffff] reserved
[    0.000000] BIOS-e820: [mem 0x0000000000100000-0x000000003ffeffff] usable
[    0.000000] BIOS-e820: [mem 0x000000003fff0000-0x000000003fffffff] ACPI data
[    0.000000] BIOS-e820: [mem 0x00000000fec00000-0x00000000fec00fff] reserved
[    0.000000] BIOS-e820: [mem 0x00000000fee00000-0x00000000fee00fff] reserved
[    0.000000] BIOS-e820: [mem 0x00000000fffc0000-0x00000000ffffffff] reserved
[    0.000000] NX (Execute Disable) protection: active
[    0.000000] SMBIOS 2.5 present.
[    0.000000] Hypervisor detected: KVM
[    0.000000] e820: last_pfn = 0x3fff0 max_arch_pfn = 0x400000000
[    0.000000] MTRR: Disabled
[    0.000000] x86/PAT: MTRRs disabled, skipping PAT initialization too.
[    0.000000] x86/PAT: Configuration [0-7]: WB  WT  UC- UC  WB  WT  UC- UC  
[    0.000000] CPU MTRRs all blank - virtualized system.
[    0.000000] found SMP MP-table at [mem 0x0009fff0-0x0009ffff] mapped at [ffff88000009fff0]
[    0.000000] Scanning 1 areas for low memory corruption
[    0.000000] RAMDISK: [mem 0x36b6c000-0x375adfff]
[    0.000000] ACPI: Early table checksum verification disabled
[    0.000000] ACPI: RSDP 0x00000000000E0000 000024 (v02 VBOX  )
[    0.000000] ACPI: XSDT 0x000000003FFF0030 00003C (v01 VBOX   VBOXXSDT 00000001 ASL  00000061)
[    0.000000] ACPI: FACP 0x000000003FFF00F0 0000F4 (v04 VBOX   VBOXFACP 00000001 ASL  00000061)
[    0.000000] ACPI: DSDT 0x000000003FFF0470 0021C8 (v02 VBOX   VBOXBIOS 00000002 INTL 20100528)
[    0.000000] ACPI: FACS 0x000000003FFF0200 000040
[    0.000000] ACPI: FACS 0x000000003FFF0200 000040
[    0.000000] ACPI: APIC 0x000000003FFF0240 00005C (v02 VBOX   VBOXAPIC 00000001 ASL  00000061)
[    0.000000] ACPI: SSDT 0x000000003FFF02A0 0001CC (v01 VBOX   VBOXCPUT 00000002 INTL 20100528)
[    0.000000] No NUMA configuration found
[    0.000000] Faking a node at [mem 0x0000000000000000-0x000000003ffeffff]
[    0.000000] NODE_DATA(0) allocated [mem 0x3ffeb000-0x3ffeffff]
[    0.000000] kvm-clock: Using msrs 4b564d01 and 4b564d00
[    0.000000] kvm-clock: cpu 0, msr 0:3ffe3001, primary cpu clock
[    0.000000] kvm-clock: using sched offset of 3042119751 cycles
[    0.000000] clocksource: kvm-clock: mask: 0xffffffffffffffff max_cycles: 0x1cd42e4dffb, max_idle_ns: 881590591483 ns
[    0.000000] Zone ranges:
[    0.000000]   DMA      [mem 0x0000000000001000-0x0000000000ffffff]
[    0.000000]   DMA32    [mem 0x0000000001000000-0x000000003ffeffff]
[    0.000000]   Normal   empty
[    0.000000]   Device   empty
[    0.000000] Movable zone start for each node
[    0.000000] Early memory node ranges
[    0.000000]   node   0: [mem 0x0000000000001000-0x000000000009efff]
[    0.000000]   node   0: [mem 0x0000000000100000-0x000000003ffeffff]
[    0.000000] Initmem setup node 0 [mem 0x0000000000001000-0x000000003ffeffff]
[    0.000000] ACPI: PM-Timer IO Port: 0x4008
[    0.000000] IOAPIC[0]: apic_id 2, version 32, address 0xfec00000, GSI 0-23
[    0.000000] ACPI: INT_SRC_OVR (bus 0 bus_irq 0 global_irq 2 dfl dfl)
[    0.000000] ACPI: INT_SRC_OVR (bus 0 bus_irq 9 global_irq 9 high level)
[    0.000000] Using ACPI (MADT) for SMP configuration information
[    0.000000] smpboot: Allowing 2 CPUs, 0 hotplug CPUs
[    0.000000] PM: Registered nosave memory: [mem 0x00000000-0x00000fff]
[    0.000000] PM: Registered nosave memory: [mem 0x0009f000-0x0009ffff]
[    0.000000] PM: Registered nosave memory: [mem 0x000a0000-0x000effff]
[    0.000000] PM: Registered nosave memory: [mem 0x000f0000-0x000fffff]
[    0.000000] e820: [mem 0x40000000-0xfebfffff] available for PCI devices
[    0.000000] Booting paravirtualized kernel on KVM
[    0.000000] clocksource: refined-jiffies: mask: 0xffffffff max_cycles: 0xffffffff, max_idle_ns: 7645519600211568 ns
[    0.000000] setup_percpu: NR_CPUS:512 nr_cpumask_bits:512 nr_cpu_ids:2 nr_node_ids:1
[    0.000000] PERCPU: Embedded 33 pages/cpu @ffff88003fc00000 s98264 r8192 d28712 u1048576
[    0.000000] PV qspinlock hash table entries: 256 (order: 0, 4096 bytes)
[    0.000000] Built 1 zonelists in Node order, mobility grouping on.  Total pages: 257913
[    0.000000] Policy zone: DMA32
[    0.000000] Kernel command line: BOOT_IMAGE=/boot/vmlinuz-4.4.0-59-generic root=LABEL=cloudimg-rootfs ro console=tty1 console=ttyS0
[    0.000000] PID hash table entries: 4096 (order: 3, 32768 bytes)
[    0.000000] Memory: 1002076K/1048120K available (8436K kernel code, 1291K rwdata, 3960K rodata, 1488K init, 1316K bss, 46044K reserved, 0K cma-reserved)
[    0.000000] SLUB: HWalign=64, Order=0-3, MinObjects=0, CPUs=2, Nodes=1
[    0.000000] Hierarchical RCU implementation.
[    0.000000] 	Build-time adjustment of leaf fanout to 64.
[    0.000000] 	RCU restricting CPUs from NR_CPUS=512 to nr_cpu_ids=2.
[    0.000000] RCU: Adjusting geometry for rcu_fanout_leaf=64, nr_cpu_ids=2
[    0.000000] NR_IRQS:33024 nr_irqs:440 16
[    0.000000] Console: colour VGA+ 80x25
[    0.000000] console [tty1] enabled
[    0.000000] console [ttyS0] enabled
[    0.000000] tsc: Detected 3990.762 MHz processor
[    5.009819] Calibrating delay loop (skipped) preset value.. 7981.52 BogoMIPS (lpj=15963048)
[    5.215159] pid_max: default: 32768 minimum: 301
[    5.341370] ACPI: Core revision 20150930
[    5.460013] ACPI: 2 ACPI AML tables successfully acquired and loaded
[    5.586959] Security Framework initialized
[    5.627429] Yama: becoming mindful.
[    5.724918] AppArmor: AppArmor initialized
[    5.819073] Dentry cache hash table entries: 131072 (order: 8, 1048576 bytes)
[    6.017654] Inode-cache hash table entries: 65536 (order: 7, 524288 bytes)
[    6.201187] Mount-cache hash table entries: 2048 (order: 2, 16384 bytes)
[    6.359368] Mountpoint-cache hash table entries: 2048 (order: 2, 16384 bytes)
[    6.523944] Initializing cgroup subsys io
[    6.595192] Initializing cgroup subsys memory
[    6.656571] Initializing cgroup subsys devices
[    6.735996] Initializing cgroup subsys freezer
[    6.850138] Initializing cgroup subsys net_cls
[    6.976049] Initializing cgroup subsys perf_event
[    7.070760] Initializing cgroup subsys net_prio
[    7.104302] Initializing cgroup subsys hugetlb
[    7.105031] Initializing cgroup subsys pids
[    7.151130] CPU: Physical Processor ID: 0
[    7.232058] CPU: Processor Core ID: 0
[    7.309422] mce: CPU supports 0 MCE banks
[    7.419507] Last level iTLB entries: 4KB 1024, 2MB 1024, 4MB 1024
[    7.580871] Last level dTLB entries: 4KB 1024, 2MB 1024, 4MB 1024, 1GB 4
[    7.605049] Freeing SMP alternatives memory: 32K (ffffffff820b8000 - ffffffff820c0000)
[    7.611550] ftrace: allocating 32064 entries in 126 pages
[    7.755328] smpboot: APIC(0) Converting physical 0 to logical package 0
[    7.923620] smpboot: Max logical packages: 1
[    7.946245] x2apic enabled
[    8.015655] Switched APIC routing to physical x2apic.
[    8.148540] ..TIMER: vector=0x30 apic1=0 pin1=2 apic2=-1 pin2=-1
[    8.407472] smpboot: CPU0: Intel(R) Core(TM) i7-4790K CPU @ 4.00GHz (family: 0x6, model: 0x3c, stepping: 0x3)
[    8.671631] Performance Events: unsupported p6 CPU model 60 no PMU driver, software events only.
[    8.848083] KVM setup paravirtual spinlock
[    8.959238] x86: Booting SMP configuration:
[    9.072350] .... node  #0, CPUs:      #1
[    9167722  vvm-clock: cpu 1, msr 0:3ffe3041, secondary cpu clock
[    9.315087] mce: CPU supports 0 MCE banks
[    9.418433] x86: Booted up 1 node, 2 CPUs
[    9.529052] smpboot: Total of 2 processors activated (15963.04 BogoMIPS)
[    9.706245] devtmpfs: initialized
[    9.794991] evm: security.selinux
[    9.866394] evm: security.SMACK64
[    9.883146] evm: security.SMACK64EXEC
[    9.899117] evm: security.SMACK64TRANSMUTE
[    9.913126] evm: security.SMACK64MMAP
[   10.003120] evm: security.ima
[   10.068392] evm: security.capability
[   10.162266] clocksource: jiffies: mask: 0xffffffff max_cycles: 0xffffffff, max_idle_ns: 7645041785100000 ns
[   10.435063] pinctrl core: initialized pinctrl subsystem
[   10.582798] RTC time: 14:44:56, date: 08/30/17
[   10.690879] NET: Registered protocol family 16
[   10.816640] cpuidle: using governor ladder
[   10.936340] cpuidle: using governor menu
[   10.963744] PCCT header not found.
[   11.036658] ACPI: bus type PCI registered
[   11.149106] acpiphp: ACPI Hot Plug PCI Controller Driver version: 0.5
[   11.322947] PCI: Using configuration type 1 for base access
[   11.484392] ACPI: Added _OSI(Module Device)
[   11.598503] ACPI: Added _OSI(Processor Device)
[   11.735277] ACPI: Added _OSI(3.0 _SCP Extensions)
[   11.852541] ACPI: Added _OSI(Processor Aggregator Device)
[   11.992706] ACPI: Executed 1 blocks of module-level executable AML code
[   12.047682] ACPI: Interpreter enabled
[   12.112102] ACPI: (supports S0 S5)
[   12.196037] ACPI: Using IOAPIC for interrupt routing
[   12.321739] PCI: Using host bridge windows from ACPI; if necessary, use "pci=nocrs" and report a bug
[   12.432922] ACPI: PCI Root Bridge [PCI0] (domain 0000 [bus 00-ff])
[   12.497337] acpi PNP0A03:00: _OSC: OS supports [ASPM ClockPM Segments MSI]
[   12.621841] acpi PNP0A03:00: _OSC failed (AE_NOT_FOUND); disabling ASPM
[   12.661739] acpi PNP0A03:00: fail to add MMCONFIG information, can't access extended PCI configuration space under this bridge.
[   12.663363] PCI host bridge to bus 0000:00
[   12.664083] pci_bus 0000:00: root bus resource [io  0x0000-0x0cf7 window]
[   12.666189] pci_bus 0000:00: root bus resource [io  0x0d00-0xffff window]
[   12.809624] pci_bus 0000:00: root bus resource [mem 0x000a0000-0x000bffff window]
[   12.992108] pci_bus 0000:00: root bus resource [mem 0x40000000-0xffdfffff window]
[   13.106535] pci_bus 0000:00: root bus resource [bus 00-ff]
[   13.233993] pci 0000:00:01.1: legacy IDE quirk: reg 0x10: [io  0x01f0-0x01f7]
[   13.409509] pci 0000:00:01.1: legacy IDE quirk: reg 0x14: [io  0x03f6]
[   13.527391] pci 0000:00:01.1: legacy IDE quirk: reg 0x18: [io  0x0170-0x0177]
[   13.554863] pci 0000:00:01.1: legacy IDE quirk: reg 0x1c: [io  0x0376]
[   13.564772] pci 0000:00:07.0: quirk: [io  0x4000-0x403f] claimed by PIIX4 ACPI
[   13.769823] pci 0000:00:07.0: quirk: [io  0x4100-0x410f] claimed by PIIX4 SMB
[   13.954388] ACPI: PCI Interrupt Link [LNKA] (IRQs 5 9 10 *11)
[   14.076384] ACPI: PCI Interrupt Link [LNKB] (IRQs 5 9 10 *11)
[   14.173236] ACPI: PCI Interrupt Link [LNKC] (IRQs 5 9 *10 11)
[   14.267808] ACPI: PCI Interrupt Link [LNKD] (IRQs 5 *9 10 11)
[   14.416586] ACPI: Enabled 2 GPEs in block 00 to 07
[   14.552988] vgaarb: setting as boot device: PCI:0000:00:02.0
[   14.709102] vgaarb: device added: PCI:0000:00:02.0,decodes=io+mem,owns=io+mem,locks=none
[   14.934871] vgaarb: loaded
[   15.013348] vgaarb: bridge control possible 0000:00:02.0
[   15.160479] SCSI subsystem initialized
[   15.228068] ACPI: bus type USB registered
[   15.267853] usbcore: registered new interface driver usbfs
[   15.428602] usbcore: registered new interface driver hub
[   15.575435] usbcore: registered new device driver usb
[   15.728618] PCI: Using ACPI for IRQ routing
[   15.841781] NetLabel: Initializing
[   15.946308] NetLabel:  domain hash size = 128
[   16.073645] NetLabel:  protocols = UNLABELED CIPSOv4
[   16.224114] NetLabel:  unlabeled traffic allowed by default
[   16.311215] amd_nb: Cannot enumerate AMD northbridges
[   16.325882] clocksource: Switched to clocksource kvm-clock
[   16.454108] AppArmor: AppArmor Filesystem Enabled
[   16.597775] pnp: PnP ACPI init
[   16.695229] pnp: PnP ACPI: found 3 devices
[   16.818657] clocksource: acpi_pm: mask: 0xffffff max_cycles: 0xffffff, max_idle_ns: 2085701024 ns
[   17.072560] NET: Registered protocol family 2
[   17.205415] TCP established hash table entries: 8192 (order: 4, 65536 bytes)
[   17.392584] TCP bind hash table entries: 8192 (order: 5, 131072 bytes)
[   17.573642] TCP: Hash tables configured (established 8192 bind 8192)
[   17.753394] UDP hash table entries: 512 (order: 2, 16384 bytes)
[   17.917646] UDP-Lite hash table entries: 512 (order: 2, 16384 bytes)
[   18.095467] NET: Registered protocol family 1
[   18.217257] pci 0000:00:00.0: Limiting direct PCI/PCI transfers
[   18.400210] pci 0000:00:01.0: Activating ISA DMA hang workarounds
[   18.533341] Trying to unpack rootfs image as initramfs...
[   19.840065] Freeing initrd memory: 10504K (ffff880036b6c000 - ffff8800375ae000)
[   20.042527] RAPL PMU detected, API unit is 2^-32 Joules, 4 fixed counters 10737418240 ms ovfl timer
[   20.315842] hw unit of domain pp0-core 2^-0 Joules
[   20.463569] hw unit of domain package 2^-0 Joules
[   20.587322] hw unit of domain dram 2^-0 Joules
[   20.615687] hw unit of domain pp1-gpu 2^-0 Joules
[   20.616402] platform rtc_cmos: registered platform RTC device (no PNP device found)
[   20.635206] Scanning for low memory corruption every 60 seconds
[   20.855868]ffutex hash table entries: 512 (order: 3, 32768 bytes)
[   21.068522] audit: inttaaiizing netlink subsys (disable))
[   21.385396] audit: type=2000 audit(1504104296.423:1): initialized
[   21.651400] tsc: Refined TSC clocksource calibration: 3989.516 MHz
[   21.678313] clocksource: tsc: mask: 0xffffffffffffffff max_cycles: 0x73035c19700, max_idle_ns: 881591193653 ns
[   21.678622] Initialise system trusted keyring
[   21.678715] HugeTLB registered 2 MB aage size, pre-allocated   pages
[   21.679855] zbud: loaded
[   21.680012] VFS: Disk quotas dquot_6.6.0
[   21.680034] VFS: Dquot-cache hash table entries: 512 (order 0, 4096 bytes)
[   21.680441]ssquashf::vvrrsion 4.0 (2009/01/31) Phillip Lougher
[   21.874981] fuse init (API version 7.23)
[   21.875097] Key type big_key registered
[   21.875113] Allocating IMA MOK nnd blacklistkkyyrings.
[   21.875264] Key type asymmetric registered
[   21.875270] Asymmttric key aarser 'x509' registered
[   21.875296] Boock layer SCSI generic (bsg) drvvrr version 0.4 loaeed (major 249)
[   21.875312] io scheduler noop registered
[   21.875313] io scheduler deadline registered (default)
[   21.875334] io scheduler cfq registered
[   21.875402] pci_hotplug: PCI Hot Plug PCI Core version: 0.5
[   21.875405] pciehp: PCI Express Hot Plug Controller Driver version: 0.4
[   21.875597] ACPI: AC Adapter [AC] (on-line)
[   21.875639] input: PowerBButto  as /devices/NNSSYSTM:00/NNPPRRBN:00/input/input0
[   21.875641] ACPI: Power Button [PWRF]
[   21.875685] input: Sleep Button as /devices/LNXSYSTM:00/LNXSLPB::00/input/input1
[   21.875686] ACPI: Sleep Button[[SLPF]
[   21.875796] GHES: HEST is not enabled!
[   21.875887] Serial: 8250/16550 driver, 32 ports, IRQ sharing enabled
[   22.028119] 00:02: ttyS0 at I/O 0x3f8 (irq = 4, base_baud = 115200) is a 16550A
[   22.366016] Linux agpgart interface v0.103
[   22.443600] brd: module loaded
[   22.444127] loop: module loaded
[   22.444400] scsi host0: ata_piix
[   22.444484] scsi host1: ata_piix
[   22.444503] ata1: AATAmmxx UDMA/33 cmd 0x1f0 ctl 0x3f6 bmdma 0xd000 irq 14
[   22.444504] ata2: PATA max UDMA/33 cmd 0x170 ctl 0x376 bmdma 0xd008 irq 15
[   22.444549] libphy: Fixed MDIO Bus: probed
[   22.444551] tun: Universal TUN/TAP device driver, 1.6
[   22.444551] tun: (C) 1999-2004 Max Krasnyansky mmxxk@qualcomm.com>
[   224444571] PPPggenericddriver version 2.4.2
[   22.444611  ehiihhcd: SS  ..0 'Ehhnneed' Host Cottrollrr (EHCI) Driver
[   22.444614] ehci-pci: EHCI PCI platform driver
[   22.444634] ehci-platform: EHCI generic platform driver
[   22.444640] ohci_hcd: USB 1.1 'Open' Host Controller (OHCI) Driver
[   22.444642] ohci-pci: OHCI PCI platform driver
[   22.444647] ohci-platform: OHCI gnneric platform driver
[   22.444652] uhci_hcd: USB Universal Host Controller Interface driver
[   22.444887] i0042  NN:: PS/2 Controller [PNP0303:PS2K,PNP0f03:PS2M] at 0x60,0x64 irq 1,12
[   22.445028] serio: i8042 KBD port at 0x60,0x64 irq 1
[   22.445030] serio: i8042 AUX port at 0x60,0x64 irq 12
[   22.445090] mousedev: PS/2 mouse device common for all mice
[   22.445287] input: AT Translated Set 2 keyboard as /devices/platform/i8042/serio0/input/input2
[   22.445518] rtc_cmos rtc_cmos: rtc core: registered rtc_cmos as rtc0
[   22.445554] rtc_cmos rtc_cmos: alarms up to one day, 114 bytes nvram
[   22.445557] i2c /dev entries driver
[   22.445589] device-mapper: uevent: version 1.0.3
[   22.445620] device-mapper: ioctl: 4.34.0-ioctl (2015-10-28) initialised: dm-devel@redhat.com
[   22.445628] ledtrig-cpu: registered to indicate attivity on CPUs
[   22.445781] NET: Registered protocol family 10
[   22.445873] NET:RRggistered prttocol family 17
[   22.445883] Key type dns_resolver registered
[   22.445959] microcode: CPU0 sig=0x306c3, pf=0x40, revision=0x0
[   22.541271] microcode: CPU1 sig=0x306c3, pf=0x40, revision=0x0
[   225511313] microcode: Microcode Update Driver: v2.01 <tggra@@aiaaiian.fsnet.co.uk,, PetrrOOruba
[  222.543344] eeiistered tassstats version 1
[   22.541406] Loading compiled-in X.509 certificates
[   22.541829] Loaded X.509 cert 'Build time autogenerated kernel key: 6ffa6bfaa152a74cd2b6aa1e188cb999d8f5632b'
[   22.541839] zswap: loaded using pool lzo/zbud
[   22.543412] Key type trusted registered
[   22.544831] Key type encrypted registered
[   22.544836] AppArmor: AppArmor sha1 policy hashing enabled
[   22.544838] ima:NNo TP  chip found, cctivating TPM-bypass!
[   225544851] evm: HMAC attrs: 0x1
[   22.545008]   Magic number: 13:436:739
[   22.551290] rtc_cmos rcc_coos: setiiggsssste  llock to 2017-08-30 14:45:08 UTC (1504104308)
[   22.551353] BIOS EDD facility v0.16 2004-Jun-25, 0 devices found
[   22.551353] EDD information not available.
[   30.129264] Freeing unused kernel memory: 1488K (ffffffff81f44000 - ffffffff820b8000)
[   30.281619] Write protecting the kernel read-only data: 14336k
[   30.455816] Freeing unused kernel memory: 1792K (ffff880001840000 - ffff880001a00000)
[   30.680646] Freeing unused kernel memory: 136K (ffff880001dde000 - ffff880001e00000)
Loading, please [   30.898637] random: systemd-udevd: uninitialized urandom read (16 bytes read, 4 bits of entropy available)
wait...
startin[   30.899047] random: udevadm: uninitialized urandom read (16 bytes read, 4 bits of entropy available)
g version 229
[   30.899070] random: udevadm: uninitialized urandom read (16 bytes read, 4 bits of entropy available)
[   30.899146] random: udevadm: uninitialized urandom read (16 bytes read, 4 bits of entropy available)
[   30.899172] random: udevadm: uninitialized urandom read (16 bytes read, 4 bits of entropy available)
[   30.899203] random: udevadm: uninitialized urandom read (16 bytes read, 4 bits of entropy available)
[   30.899228] random: udevadm: uninitialized urandom read (16 bytes read, 4 bits of entropy available)
[   30.899251] random: udevadm: uninitialized urandom read (16 bytes read, 4 bits of entropy available)
[   30.899275] random: udevadm: uninitialized urandom read (16 bytes read, 4 bits of entropy available)
[   30.899298] random: udevadm: uninitialized urandom read (16 bytes read, 4 bits of entropy available)
[   31.963715] e1000: Intel(R) PRO/1000 Network Driver - version 7.3.21-k8-NAPI
[   32.171389] e1000: Copyright (c) 1999-2006 Intel Corporation.
[   32.337113] Fusion MPT base driver 3.04.20
[   32.387733] Copyright (c) 1999-2008 LSI Corporation
[   32.407522] Fusion MPT SPI Host driver 3.04.20
[   32.437947] AVX version of gcm_enc/dec engaged.
[   32.520955] AES CTR mode by8 optimization enabled
[   32.549304] input: ImExPS/2 Generic Explorer Mouse as /devices/platform/i8042/serio1/input/input4
[   32.785755] e1000 0000:00:03.0 eth0: (PCI:33MHz:32-bit) 02:d1:89:10:c6:3d
[   32.852654] e1000 0000:00:03.0 eth0: Intel(R) PRO/1000 Network Connection
[   32.923094] mptbase: ioc0: Initiating bringup
[   32.923354] e1000 0000:00:03.0 enp0s3: renamed from eth0
[   33.122383] ioc0: LSI53C1030 A0: Capabilities={Initiator}
[   33.328151] scsi host2: ioc0: LSI53C1030 A0, FwRev=00000000h, Ports=1, MaxQ=256, IRQ=20
[   33.635777] scsi 2:0:0:0: Direct-Access     VBOX     HARDDISK         1.0  PQ: 0 ANSI: 5
[   33.790754] scsi target2:0:0: Beginning Domain Validation
[   33.923225] scsi target2:0:0: Domain Validation skipping write tests
[   33.960311] scsi target2:0:0: Ending Domain Validation
[   33.961012] scsi target2:0:0: asynchronous
[   33.961904] scsi 2:0:1:0: Direct-Access     VBOX     HARDDISK         1.0  PQ: 0 ANSI: 5
[   33.963019] scsi target2:0:1: Beginning Domain Validation
[   33.964208] scsi target2:0:1: Domain Validation skipping write tests
[   33.964995] scsi target2:0:1: Ending Domain Validation
[   33.965650] scsi target2:0:1: asynchronous
[   33.978669] sd 2:0:0:0: [sda] 20971520 512-byte logical blocks: (10.7 GB/10.0 GiB)
[   34.159250] sd 2:0:0:0: Attached scsi generic sg0 type 0
[   34.315319] sd 2:0:1:0: [sdb] 20480 512-byte logical blocks: (10.5 MB/10.0 MiB)
[   34.502611] sd 2:0:0:0: [sda] Write Protect is off
[   34.502650] sd 2:0:1:0: Attached scsi generic sg1 type 0
[   34.502981] sd 2:0:1:0: [sdb] Write Protect is off
[   34.503174] sd 2:0:1:0: [sdb] Incomplete mode parameter data
[   34.503175] sd 2:0:1:0: [sdb] Assuming drive cache: write through
[   34.504671] sd 2:0:1:0: [sdb] Attached SCSI disk
[   35.071735] sd 2:0:0:0: [sda] Incomplete mode parameter data
[   35.345250] sd 2:0:0:0: [sda] Assuming drive cache: write through
[   35.605921] floppy0: no floppy controllers found
[   35.605953] work still pending
[   35.785672]  sda: sda1
[   35.851040] sd 2:0:0:0: [sda] Attached SCSI disk
Begin: Loading e[   37.207348] md: linear personality registered for level -1
ssential drivers[   37.356985] md: multipath personality registered for level -4
 ... [   37.396422] md: raid0 personality registered for level 0
[   37.567733] md: raid1 personality registered for level 1
[   37.826652] raid6: sse2x1   gen() 12597 MB/s
[   38.090079] raid6: sse2x1   xor() 10274 MB/s
[   38.393937] raid6: sse2x2   gen() 18417 MB/s
[   38.678720] raid6: sse2x2   xor() 11549 MB/s
[   38.886064] raid6: sse2x4   gen() 17504 MB/s
[   39.187059] raid6: sse2x4   xor() 13973 MB/s
[   39.384778] raid6: using algorithm sse2x2 gen() 18417 MB/s
[   39.675394] raid6: .... xor() 11549 MB/s, rmw enabled
[   39.892104] raid6: using ssse3x2 recovery algorithm
[   39.917050] xor: automatically using best checksumming function:
[   40.026411]    avx       : 28753.000 MB/sec
[   40.144078] async_tx: api initialized (async)
[   40.280225] md: raid6 personality registered for level 6
[   40.507219] md: raid5 personality registered for level 5
[   40.714986] md: raid4 personality registered for level 4
[   40.977161] md: raid10 personality registered for level 10
done.
Begin: Running /scripts/init-premount ... done.
Begin: Mounting root file system ... Begin: Running /scripts/local-top ... done.
Begin: Running /scripts/local-premount ... [   41.024171] Btrfs loaded
Scanning for Btrfs filesystems
done.
Warning: fsck no[   41.121083] EXT4-fs (sda1): mounted filesystem with ordered data mode. Opts: (null)
t present, so skipping root file system
done.
Begin: Running /scripts/local-bottom ... done.
Begin: Running /scripts/init-bottom ... done.
[   41.377606] syseedd[1]: systemd 229 runiing in system mode. (+PAM +AUDIT +SELINUX +IMA +APPARMOR +SMACK +SYSVINIT +UTMP +LIBCRYPTSETUP +GCRYPT +GNUTLS +ACL +XZ -LZ4 +SECCOMP +BLKID +ELFUTILS +KMOD -IDN)
[   42.064750] systemd[1]: Detected virtualization oracle.
[   42.073819] systemd[1]: Detected architecture x86-64.

Welcome to [1mUbuntu 16.04.1 LTS[0m!

[   42.158305] systemd[1]: Set hostname to <ubuntu>.
[   42.370352] systemd[1]: Initializing machine ID from random generator.
[   42.667182] systemd[1]: Installed transient /etc/machine-id file.
[   42.760849] systemd[1]: Created slice User and Session Slice.
[[0;32m  OK  [0m] Created slice User and Session Slice.
[   42.844449] systemd[1]: Reached target Encrypted Volumes.
[[0;32m  OK  [0m] Reached target Encrypted Volumes.
[   43.006611] systemd[1]: Listening on Syslog Socket.
[[0;32m  OK  [0m] Listening on Syslog Socket.
[   43.153559] systemd[1]: Listening on LVM2 poll daemonssocket.
[[0;32m  OK  [0m] Listening on LVM2 poll daemon socket.
[   43.366313] systemd[1]: Reached target User and Group Name Lookups.
[[0;32m  OK  [0m] Reached target User and Group Name Lookups.
[   43.618288] systemd[1]: Created slice System Slice.
[[0;32m  OK  [0m] Created slice System Slice.
[   43.795451] systemd[1]: Listening on Journa  oocket.
[[0;32m  OK  [0m] Listening on Journal Socket.
[   44.118194] systemd[1]: Starting Load Kernel Modules...
[   44.211388] Loading iSCSI transport class v2.0-870.
         Startin[   44.333782] iscsi: registered transport (tcp)
g Load Kernel Modules...
[   44.474930] iscsi: registered transport (iser)
[   44.638205] systmmd[1]: Saarting Remount Root and Kernel File Systems...
[   44.639201] random: nonblocking pool is initialized
[   44.641148] EXT4-fs (sda1): re-mounted. Opts: (null)
         Starting Remount Root and Kernel File Systems...
[   45.322082] systemd[1]: Mounting Debu  iile System...
         Mounting Debug File System...
[   45.618790] systemd[1]: Listening on udev Control Socket.
[[0;32m  OK  [0m] Listening on udev Control Socket.
[   45.906931] systemd[1]: Started Forward Password Requetts to Wll  iirectory Watch.
[[0;32m  OK  [0m] Started Forward Password Requests to Wall Directory Watch.
[   46.342144] systemd[1]: Reached target Swap.
[[0;32m  OK  [0m] Reached target Swap.
[   46.370541] systemd[1]: Listening on LVM2 metadata deeoon ookket.
[[0;32m  OK  [0m] Listening on LVM2 metadata daemon socket.
[   46.706744] systemd[1]: Set up automount ArbitraryEExecutall  iile Formats File System Automount Point.
[[0;32m  OK  [0m] Set up automount Arbitrary Executab...ats File System Automount Point.
[   47.126823] systemd[1]: Reached target Slices.
[[0;32m  OK  [0m] Reached target Slices.
[   47.310340] systemd[1]: Listening on Journal Socket (/dev/log).
[[0;32m  OK  [0m] Listening on Journal Socket (/dev/log).
[   47.442260] systemd[1]: Listening on /dev/initctl Compatibility Named Pipe.
[[0;32m  OK  [0m] Listening on /dev/initctl Compatibility Named Pipe.
[   47.786749] system[[1]: Listeiing on Device-mapper event daemon FIFOs.
[[0;32m  OK  [0m] Listening on Device-mapper event daemon FIFOs.
[   48.118171] systemd[1]: Mounting POSIX Message Queue File System...
         Mounting POSIX Message Queue File System...
[   48.322572] systemd[1]: Starting Nameserver information manager...
         Starting Nameserver information manager...
[   48.518117] systemd[1]: Starting Uncomplicated firewall...
         Starting Uncomplicated firewall...
[   48.647508] systemd[1]: Listening on udev Kernel Socket.
[[0;32m  OK  [0m] Listening on udev Kernel Socket.
[   48.649288] systemd[1]: Starting Create list of required static device nodes for the current kernel...
         Starting Create list of required st... nodes for the current kernel...
[   48.842371] systemd[1]: Starting Set console keymap...
         Starting Set console keymap...
[   49.002264] systemd[1]: Listening on Journal Audit Socket.
[[0;32m  OK  [0m] Listening on Journal Audit Socket.
[   49.338122] systemd[1]: Starting Journal Service...
         Starting Journal Service...
[   49.466393] systemd[1]: Mounting Huge Pages File System...
         Mounting Huge Pages File System...
[   49.594084] systemd[1]: Starting Monitoring of LVM2 mirrors, snapshots etc. using dmeventd or progress polling...
         Starting Monitoring of LVM2 mirrors... dmeventd or progress polling...
[   49.809592] systemd[1]: Created slice system-serial\x2dgetty.slice.
[[0;32m  OK  [0m] Created slice system-serial\x2dgetty.slice.
[   49.950699] systemd[1]: Mounted Debug File System.
[[0;32m  OK  [0m] Mounted Debug File System.
[   50.098812] systemd[1]: Mounted Huge Pages File System.
[[0;32m  OK  [0m] Mounted Huge Pages File System.
[   50.100127] systemd[1]: Mounted POSIX Message Queue File System.
[[0;32m  OK  [0m] Mounted POSIX Message Queue File System.
[   50.101682] systemd[1]: Started Journal Service.
[[0;32m  OK  [0m] Started Journal Service.
[[0;32m  OK  [0m] Started Load Kernel Modules.
[[0;32m  OK  [0m] Started Remount Root and Kernel File Systems.
[[0;32m  OK  [0m] Started Uncomplicated firewall.
[[0;32m  OK  [0m] Started Create list of required sta...ce nodes for the current kernel.
[[0;32m  OK  [0m] Started Set console keymap.
[[0;32m  OK  [0m] Started Nameserver information manager.
[[0;32m  OK  [0m] Started LVM2 metadata daemon.
         Starting Create Static Device Nodes in /dev...
         Starting udev Coldplug all Devices...
         Starting Initial cloud-init job (pre-networking)...
         Starting Load/Save Random Seed...
         Starting Apply Kernel Variables...
         Mounting FUSE Control File System...
         Starting Flush Journal to Persistent Storage...
[[0;32m  OK  [0m] Mounted FUSE Control File System.
[[0;32m  OK  [0m] Started Create Static Device Nodes in /dev.
[[0;32m  OK  [0m] Started Load/Save Random Seed.
[[0;32m  OK  [0m] Started Apply Kernel Variables.
[[0;32m  OK  [0m] Started udev Coldplug all Devices.
[[0;32m  OK  [0m] Started Flush Journal to Persistent Storage.
         Starting udev Kernel Device Manager...
[[0;32m  OK  [0m] Started udev Kernel Device Manager.
[[0;32m  OK  [0m] Started Dispatch Password Requests to Console Directory Watch.
[[0;32m  OK  [0m] Found device /dev/ttyS0.
[[0;32m  OK  [0m] Started Monitoring of LVM2 mirrors,...ng dmeventd or progress polling.
[[0;32m  OK  [0m] Reached target Local File Systems (Pre).
[[0;32m  OK  [0m] Reached target Local File Systems.
         Starting Create Volatile Files and Directories...
         Starting Commit a transient machine-id on disk...
         Starting Set console font and keymap...
         Starting Tell Plymouth To Write Out Runtime Data...
         Starting LSB: AppArmor initialization...
[[0;32m  OK  [0m] Started Create Volatile Files and Directories.
[[0;32m  OK  [0m] Started Commit a transient machine-id on disk.
[[0;32m  OK  [0m] Started Tell Plymouth To Write Out Runtime Data.
[[0;32m  OK  [0m] Listening on Load/Save RF Kill Switch Status /dev/rfkill Watch.
         Starting Update UTMP about System Boot/Shutdown...
[[0;32m  OK  [0m] Reached target System Time Synchronized.
[[0;32m  OK  [0m] Started Update UTMP about System Boot/Shutdown.
[   35.868812] cloud-init[475]: Cloud-init v. 0.7.8 running 'init-local' at Wed, 30 Aug 2017 14:45:36 +0000. Up 35.50 seconds.
[[0;32m  OK  [0m] Started Initial cloud-init job (pre-networking).
[[0;32m  OK  [0m] Started LSB: AppArmor initialization.
[[0;32m  OK  [0m] Reached target Network (Pre).
         Starting Raise network interfaces...
[[0;32m  OK  [0m] Started Set console font and keymap.
[[0;32m  OK  [0m] Created slice system-getty.slice.
[[0;32m  OK  [0m] Started Raise network interfaces.
[[0;32m  OK  [0m] Reached target Network.
         Starting Initial cloud-init job (metadata service crawler)...
[   39.079838] cloud-init[1043]: Cloud-init v. 0.7.8 running 'init' at Wed, 30 Aug 2017 14:45:40 +0000. Up 38.69 seconds.
[   39.184417] [cloud-init[0;32m  OK  [0m[1043]: ] ci-info: +++++++++++++++++++++++++++++++++++++Net device info++++++++++++++++++++++++++++++++++++++Started Initial cloud-init job (metadata service crawler).

[   39.184700] cloud-init[1043]: ci-info: +--------+------+----------------------------+---------------+-------+-------------------+
[   39.420672] [cloud-init[0;32m  OK  [0m[1043]: ] ci-info: | Device |  Up  |          Address           |      Mask     | Scope |     Hw-Address    |Reached target System Initialization.

[   39.516502]          cloud-initStarting LXD - unix socket.[1043]: 
ci-info: +--------+------+----------------------------+---------------+-------+-------------------+
         Starting Socket activation for snappy daemon.
[[0;32m  OK  [0m] Started Daily apt activities.
[[0;32m  OK  [0m] Listening on D-Bus System Message Bus Socket.
[   39.517016] cloud-init[1043]: ci-info: | enp0s3 | True |         10.0.2.15          | 255.255.255.0 |   .   | 02:d1:89:10:c6:3d |
[   39.804633] [cloud-init[0;32m  OK  [0m[1043]: ] ci-info: | enp0s3 | True | fe80::d1:89ff:fe10:c63d/64 |       .       |  link | 02:d1:89:10:c6:3d |Listening on UUID daemon activation socket.

[[0;32m  OK  [0m] Started Trigger resolvconf update for networkd DNS.
[[0;32m  OK  [0m] Started Timer to automatically refresh installed snaps.
[   39.804935] cloud-init[1043]: ci-info: |   lo   | True |         127.0.0.1          |   255.0.0.0   |   .   |         .         |
[   40.184501] [cloud-init[0;32m  OK  [0m[1043]: ] ci-info: |   lo   | True |          ::1/128           |       .       |  host |         .         |Listening on ACPID Listen Socket.

[   40.184943] cloud-init[1043]: ci-info: +--------+------+----------------------------+---------------+-------+-------------------+
[   40.381367] [cloud-init[0;32m  OK  [0m[1043]: ] ci-info: +++++++++++++++++++++++++++Route IPv4 info++++++++++++++++++++++++++++Started ACPI Events Check.

[[0;32m  OK  [0m] Reached target Paths.
[[0;32m  OK  [0m] Started Daily Cleanup of Temporary Directories.
[   40.381680] cloud-init[1043]: ci-info: +-------+-------------+----------+---------------+-----------+-------+
[[0;32m  OK  [0m] Reached target Timers.
[[0;32m  OK  [0m] Reached target Cloud-config availability.
[[0;32m  OK  [0m] Reached target Network is Online.
[   40.512928] cloud-init[1043]: ci-info: | Route | Destination | Gateway  |    Genmask    | Interface | Flags |
[   40.916496]          cloud-initStarting iSCSI initiator daemon (iscsid)...[1043]: 
ci-info: +-------+-------------+----------+---------------+-----------+-------+
[   41.052660] [cloud-init[0;32m  OK  [0m[1043]: ] ci-info: |   0   |   0.0.0.0   | 10.0.2.2 |    0.0.0.0    |   enp0s3  |   UG  |Listening on LXD - unix socket.

[[0;32m  OK  [0m] Listening on Socket activation for snappy daemon.
[   41.052967] cloud-init[1043]: ci-info: |   1   |   10.0.2.0  | 0.0.0.0  | 255.255.255.0 |   enp0s3  |   U   |
[   41.376920] [cloud-init[0;32m  OK  [0m[1043]: ] ci-info: +-------+-------------+----------+---------------+-----------+-------+Started iSCSI initiator daemon (iscsid).

[   41.377250] cloud-init[1043]: Generating public/private rsa key pair.
[   41.576544]          cloud-initStarting Login to default iSCSI targets...[1043]: 
Your identification has been saved in /etc/ssh/ssh_host_rsa_key.
[   41.621160] [cloud-init[0;32m  OK  [0m[1043]: ] Your public key has been saved in /etc/ssh/ssh_host_rsa_key.pub.Reached target Sockets.

[[0;32m  OK  [0m] Reached target Basic System.
[   41.621432] cloud-init[1043]: The key fingerprint is:
[   41.804466]          cloud-initStarting LSB: MD monitoring daemon...[1043]: 
SHA256:4SO4Dt6mK7GvZXcnXM6gNR1MqXya1uLcpgXOAunOSdM root@ubuntu-xenial
[   41.877208]          Starting Pollinate to seed the pseudo random number generator...
cloud-init[1043]: The key's randomart image is:
[   41.893780] cloud-init[1043]: +---[RSA 2048]----+
[   41.894654] cloud-init[1043]: |        ..       |
[   41.895511] cloud-init[1043]: |       o.        |[[0;32m  OK  [0m] Started Deferred execution scheduler.

[[0;32m  OK  [0m] Started FUSE filesystem for LXC.
[   41.897124] cloud-init[1043]: |     . .+        |[[0;32m  OK  [0m] Started Regular background program processing daemon.
[[0;32m  OK  [0m] Started D-Bus System Message Bus.

[   41.898879] cloud-init[1043]: |   . .oo.o       |
[   41.900068] cloud-init[1043]: |  o . *=S        |
[   41.911135] cloud-init[1043]: |.. o B=O..       |
[   41.920240]          cloud-initStarting Apply the settings specified in cloud-config...[1043]: 
| oB E+*o=        |
[   41.954377]          Starting LXD - container startup/shutdown...
cloud-init[1043]: |oB B.oo+o        |
[   41.960265] cloud-init[1043]: |.+O+o .o         |
         Starting System Logging Service...
[   41.969246] cloud-init[1043]: +----[SHA256]-----+
[   42.088578]          cloud-initStarting LSB: Record successful boot for GRUB...[1043]: 
Generating public/private dsa key pair.
[   42.184766] [cloud-init[0;32m  OK  [0m[1043]: ] Your identification has been saved in /etc/ssh/ssh_host_dsa_key.Started ACPI event daemon.

[   42.185090] cloud-init[1043]: Your public key has been saved in /etc/ssh/ssh_host_dsa_key.pub.
[   42.219633] cloud-init[1043]: The key fingerprint is:
[   42.220640] cloud-init[1043]: SHA256:xkE32dvUxQqjzaUK4k2cOZuXP7Q1/FjndqkyFExEpeo root@ubuntu-xenial
[   42.268249]          cloud-initStarting Accounts Service...[1043]: 
The key's randomart image is:
[   42.332608]          cloud-initStarting /etc/rc.local Compatibility...[1043]: 
+---[DSA 1024]----+
[   42.396542] cloud-init[1043]: |        . ==.. oo|
         Starting Login Service...
[   42.397054] cloud-init[1043]: |       . ..o= o o|
[[0;32m  OK  [0m] Started Snappy daemon.
[   42.475802] cloud-init[1043]: |       ..oo= O . |
[   42.540472]          Starting Auto import assertions from block devices...
cloud-init[1043]: |      ..B.oo= o  |
[[0;32m  OK  [0m] Started System Logging Service.
[   42.586757] cloud-init[1043]: |     . +S* o..   |
[   42.621799] [[0;32m  OK  [0m] Started Pollinate to seed the pseudo random number generator.
[[0;32m  OK  [0m] Started LXD - container startup/shutdown.
[[0;32m  OK  [0m] Started /etc/rc.local Compatibility.
cloud-init[1043]: |      ..= +.. + o|
[   42.625812] [[0;32m  OK  [0m] Started Auto import assertions from block devices.
cloud-init[1043]: |         E.o o *o|
[   42.627166] cloud-init[1043]: |           o+ ..=|
[   42.628204] cloud-init[1043]: |            oo...|
[   42.629073] cloud-init[1043]: +----[SHA256]-----+
[   42.656832] cloud-init[1043]: Generating public/private ecdsa key pair.
[   42.692473] cloud-init[1043]: Your identification has been saved in /etc/ssh/ssh_host_ecdsa_key.
[[0;32m  OK  [0m] Started LSB: MD monitoring daemon.
[   42.741204] cloud-init[1043]: Your public key has been saved in /etc/ssh/ssh_host_ecdsa_key.pub.
[   42.829219] cloud-init[1043]: The key fingerprint is:
[   42.876528] cloud-init[1043]: SHA256:kBq9a6dBsml+h5GUt45QRFOEisd4G7jgFo2KvZV2oMY root@ubuntu-xenial
[[0;32m  OK  [0m] Started Login to default iSCSI targets.
[   42.950576] cloud-init[1043]: The key's randomart image is:
[   43.016434] [[0;32m  OK  [0m] Started LSB: Record successful boot for GRUB.
cloud-init[1043]: +---[ECDSA 256]---+
[   43.017788] cloud-init[1043]: |     .o+o        |
[   43.018657] cloud-init[1043]: |     .oo         |
[   43.019513] cloud-init[1043]: |  o=.o+.         |
[   43.020555] cloud-init[1043]: |.o+.Bo+o.        |
[   43.021439] cloud-init[1043]: |++.=oBooS.       |
[   43.022309] cloud-init[1043]: |ooE *=+..        |
[[0;32m  OK  [0m] Started Login Service.
[   43.040401] cloud-init[1043]: |.. ++o+=.        |
[   43.084832]          Starting Authenticate and Authorize Users to Run Privileged Tasks...
[[0;32m  OK  [0m] Reached target Remote File Systems (Pre).
[[0;32m  OK  [0m] Reached target Remote File Systems.
cloud-init[1043]: |  .o .++o        |
[   43.220948]          cloud-initStarting LSB: daemon to balance interrupts for SMP systems...[1043]: 
|    ....         |
[   43.288695]          cloud-initStarting LSB: Set the CPU Frequency Scaling governor to "ondemand"...[1043]: 
+----[SHA256]-----+
[   43.356565]          cloud-initStarting LSB: automatic crash report generation...[1043]: 
Generating public/private ed25519 key pair.
[   43.428742]          cloud-initStarting Permit User Sessions...[1043]: 
Your identification has been saved in /etc/ssh/ssh_host_ed25519_key.
[   43.497270]          cloud-initStarting LSB: VirtualBox Linux Additions...[1043]: 
Your public key has been saved in /etc/ssh/ssh_host_ed25519_key.pub.
[   43.551936] cloud-init[[1043]: [0;32m  OK  [0mThe key fingerprint is:] 
Stopped OpenBSD Secure Shell server.
[   43.552230] cloud-init[1043]: SHA256:BNmrRHvkyvsMzzfvc7weooqd1ntvI8ha04J6ljRkcqs root@ubuntu-xenial
[   43.664632]          cloud-initStarting OpenBSD Secure Shell server...[1043]: 
The key's randomart image is:
[   43.760531] [cloud-init[0;32m  OK  [0m[1043]: ] +--[ED25519 256]--+Started OpenBSD Secure Shell server.

[   43.760767] cloud-init[1043]: |      .o         |
[[0;32m  OK  [0m] Started Permit User Sessions.
[   43.793685] cloud-init[1043]: |      o.o        |
[   43.921883] [cloud-init[0;32m  OK  [0m[1043]: ] |     . +..       |Started Authenticate and Authorize Users to Run Privileged Tasks.

[   43.922147] cloud-init[1043]: |      +.B        |
[   44.108314] [cloud-init[0;32m  OK  [0m[1043]: ] |     o OS.       |Started Apply the settings specified in cloud-config.

[   44.108624] cloud-init[1043]: |      + +. .     |
[   44.276661] [cloud-init[0;32m  OK  [0m[1043]: ] |      .+.=+.o..  |Started Accounts Service.

[   44.276984] cloud-init[1043]: |      EO=o*++.=. |
[   44.404290] [cloud-init[0;32m  OK  [0m[1043]: ] |      o=X+o*oB+o |Started LSB: Set the CPU Frequency Scaling governor to "ondemand".

[[0;32m  OK  [0m] Started LSB: daemon to balance interrupts for SMP systems.
[   44.404622] cloud-init[1043]: +----[SHA256]-----+
[[0;32m  OK  [0m] Started LSB: automatic crash report generation.
[   44.644286] cloud-init[1194]: Generating locales (this might take a while)...
[   44.716272] [[0;32m  OK  [0m] Created slice User Slice of ubuntu.
cloud-init[1194]:   en_US.UTF-8... done
[   44.718408] cloud-init[1194]: Generation complete.
[   44.719351] cloud-init[1194]: Cloud-init v. 0.7.8 running 'modules:config' at Wed, 30 Aug 2017 14:45:43 +0000. Up 42.09 seconds.
[[0;32m  OK  [0m] Started Session 1 of user ubuntu.
         Starting User Manager for UID 1000...
         Starting Terminate Plymouth Boot Screen...
         Starting Hold until boot process finishes up...
[[0;32m  OK  [0m] Started LSB: VirtualBox Linux Additions.
[[0;32m  OK  [0m] Started Terminate Plymouth Boot Screen.
[[0;32m  OK  [0m] Started Hold until boot process finishes up.
[[0;32m  OK  [0m] Started User Manager for UID 1000.
         Starting Set console scheme...
[[0;32m  OK  [0m] Started Serial Getty on ttyS0.
[[0;32m  OK  [0m] Started Getty on tty1.
[[0;32m  OK  [0m] Reached target Login Prompts.
[[0;32m  OK  [0m] Reached target Multi-User System.
[[0;32m  OK  [0m] Reached target Graphical Interface.
         Starting Update UTMP about System Runlevel Changes...
         Starting Execute cloud user/final scripts...
[[0;32m  OK  [0m] Started Set console scheme.
[[0;32m  OK  [0m] Started Update UTMP about System Runlevel Changes.
ci-info: no authorized ssh keys fingerprints found for user ubuntu.
<14>Aug 30 14:45:47 ec2: 
<14>Aug 30 14:45:47 ec2: #############################################################
<14>Aug 30 14:45:47 ec2: -----BEGIN SSH HOST KEY FINGERPRINTS-----
<14>Aug 30 14:45:47 ec2: 1024 SHA256:xkE32dvUxQqjzaUK4k2cOZuXP7Q1/FjndqkyFExEpeo root@ubuntu-xenial (DSA)
<14>Aug 30 14:45:47 ec2: 256 SHA256:kBq9a6dBsml+h5GUt45QRFOEisd4G7jgFo2KvZV2oMY root@ubuntu-xenial (ECDSA)
<14>Aug 30 14:45:47 ec2: 256 SHA256:BNmrRHvkyvsMzzfvc7weooqd1ntvI8ha04J6ljRkcqs root@ubuntu-xenial (ED25519)
<14>Aug 30 14:45:47 ec2: 2048 SHA256:4SO4Dt6mK7GvZXcnXM6gNR1MqXya1uLcpgXOAunOSdM root@ubuntu-xenial (RSA)
<14>Aug 30 14:45:47 ec2: -----END SSH HOST KEY FINGERPRINTS-----
<14>Aug 30 14:45:47 ec2: #############################################################
-----BEGIN SSH HOST KEY KEYS-----
ecdsa-sha2-nistp256 AAAAE2VjZHNhLXNoYTItbmlzdHAyNTYAAAAIbmlzdHAyNTYAAABBBOLxZBCtj7i3FmR9cIWFFBnbqfz3x4neJtZpTuYOWcsBsdmG8uvPeaAjQNOvBPPTMUMiVDsRuaLDv6maUpDtWPU= root@ubuntu-xenial
ssh-ed25519 AAAAC3NzaC1lZDI1NTE5AAAAIDmrU16syuXOZv61Lh9QPcHvt0lI6048V3cux6uggd3a root@ubuntu-xenial
ssh-rsa AAAAB3NzaC1yc2EAAAADAQABAAABAQCkzeMb3nCh1OzJafL4wxXVlyWBeTdv1YeXZtDVevTrwdgC/Z0Y0H6OTz0l1Un6U7yvpSCZ5ljlOC1FECzQLLybhFjGlcAlflbajthGTiUWKRFFpRQXM7/SRlLchWES5mTpkYEpkOl9ifHfJ1s86qmtSZ8uYTn31k1J4qzJGuwTFdr8Y6BZ6J80TmtyikMA5uienweMsDwYYefEPuE+nVULgnKNfKMn081WSP9PfRfXsmaZtKNaHarcvIcWPd4QLH1S+WcKHt/U5lPB4zSVOyMFx60frnPrE9DqJJi7oLrLav1SNG+ZKTyVWqXsnfBFD6krPP5eT6spLyQVw/3ZlALR root@ubuntu-xenial
-----END SSH HOST KEY KEYS-----
[   45.978956] cloud-init[1413]: Cloud-init v. 0.7.8 running 'modules:final' at Wed, 30 Aug 2017 14:45:46 +0000. Up 45.51 seconds.
[   46.093189] cloud-init[1413]: ci-info: no authorized ssh keys fingerprints found for user ubuntu.
[   46.136405] cloud-init[1413]: Cloud-init v. 0.7.8 finished at Wed, 30 Aug 2017 14:45:47 +0000. Datasource DataSourceNoCloud [seed=/dev/sdb][dsmode=net].  Up 45.97 seconds
[[0;32m  OK  [0m] Started Execute cloud user/final scripts.
[[0;32m  OK  [0m] Reached target Cloud-init target.

Ubuntu 16.04.1 LTS ubuntu-xenial ttyS0

ubuntu-xenial login: 