[    0.000000] Initializing cgroup subsys cpuset
[    0.000000] Initializing cgroup subsys cpu
[    0.000000] Initializing cgroup subsys cpuacct
[    0.000000] Linux version 4.4.0-96-generic (buildd@lgw01-10) (gcc version 5.4.0 20160609 (Ubuntu 5.4.0-6ubuntu1~16.04.4) ) #119-Ubuntu SMP Tue Sep 12 14:59:54 UTC 2017 (Ubuntu 4.4.0-96.119-generic 4.4.83)
[    0.000000] Command line: BOOT_IMAGE=/boot/vmlinuz-4.4.0-96-generic root=UUID=ce24233e-85c4-4f5b-a084-25bb2493ad65 ro console=tty1 console=ttyS0
[    0.000000] KERNEL supported cpus:
[    0.000000]   Intel GenuineIntel
[    0.000000]   AMD AuthenticAMD
[    0.000000]   Centaur CentaurHauls
[    0.000000] ------------[ cut here ]------------
[    0.000000] WARNING: CPU: 0 PID: 0 at /build/linux-z2ccW0/linux-4.4.0/arch/x86/kernel/fpu/xstate.c:517 fpu__init_system_xstate+0x38b/0x75a()
[    0.000000] XSAVE consistency problem, dumping leaves
[    0.000000] Modules linked in:
[    0.000000] CPU: 0 PID: 0 Comm: swapper Not tainted 4.4.0-96-generic #119-Ubuntu
[    0.000000]  0000000000000086 164a62de2751b15c ffffffff81e03d80 ffffffff813fabd3
[    0.000000]  ffffffff81e03dc8 ffffffff81caa650 ffffffff81e03db8 ffffffff810812e2
[    0.000000]  ffffffff81e03e48 ffffffff81e03e4c 0000000000000008 0000000000000100
[    0.000000] Call Trace:
[    0.000000]  [<ffffffff813fabd3>] dump_stack+0x63/0x90
[    0.000000]  [<ffffffff810812e2>] warn_slowpath_common+0x82/0xc0
[    0.000000]  [<ffffffff8108137c>] warn_slowpath_fmt+0x5c/0x80
[    0.000000]  [<ffffffff8107cff0>] ? xfeature_size+0x59/0x77
[    0.000000]  [<ffffffff81f6e20b>] fpu__init_system_xstate+0x38b/0x75a
[    0.000000]  [<ffffffff81f5e120>] ? early_idt_handler_array+0x120/0x120
[    0.000000]  [<ffffffff81f6db76>] fpu__init_system+0x10d/0x245
[    0.000000]  [<ffffffff81f6ec7f>] early_cpu_init+0x139/0x13e
[    0.000000]  [<ffffffff81f6ec7f>] ? early_cpu_init+0x139/0x13e
[    0.000000]  [<ffffffff81f6a181>] setup_arch+0xb4/0xcf6
[    0.000000]  [<ffffffff81f5e120>] ? early_idt_handler_array+0x120/0x120
[    0.000000]  [<ffffffff81f5ec74>] start_kernel+0xe4/0x4a2
[    0.000000]  [<ffffffff81f5e120>] ? early_idt_handler_array+0x120/0x120
[    0.000000]  [<ffffffff81f5e339>] x86_64_start_reservations+0x2a/0x2c
[    0.000000]  [<ffffffff81f5e485>] x86_64_start_kernel+0x14a/0x16d
[    0.000000] ---[ end trace 4d5ff9f2f68c4233 ]---
[    0.000000] CPUID[0d, 00]: eax=00000007 ebx=00000440 ecx=00000440 edx=00000000
[    0.000000] CPUID[0d, 01]: eax=00000000 ebx=000003c0 ecx=00000000 edx=00000000
[    0.000000] CPUID[0d, 02]: eax=00000100 ebx=00000240 ecx=00000000 edx=00000000
[    0.000000] CPUID[0d, 03]: eax=00000000 ebx=00000000 ecx=00000000 edx=00000000
[    0.000000] CPUID[0d, 04]: eax=00000000 ebx=00000000 ecx=00000000 edx=00000000
[    0.000000] CPUID[0d, 05]: eax=00000000 ebx=00000000 ecx=00000000 edx=00000000
[    0.000000] CPUID[0d, 06]: eax=00000000 ebx=00000000 ecx=00000000 edx=00000000
[    0.000000] CPUID[0d, 07]: eax=00000000 ebx=00000000 ecx=00000000 edx=00000000
[    0.000000] CPUID[0d, 08]: eax=00000000 ebx=00000000 ecx=00000000 edx=00000000
[    0.000000] CPUID[0d, 09]: eax=00000000 ebx=00000000 ecx=00000000 edx=00000000
[    0.000000] CPUID[0d, 0a]: eax=00000000 ebx=00000000 ecx=00000000 edx=00000000
[    0.000000] CPUID[0d, 0b]: eax=00000000 ebx=00000000 ecx=00000000 edx=00000000
[    0.000000] CPUID[0d, 0c]: eax=00000000 ebx=00000000 ecx=00000000 edx=00000000
[    0.000000] CPUID[0d, 0d]: eax=00000000 ebx=00000000 ecx=00000000 edx=00000000
[    0.000000] CPUID[0d, 0e]: eax=00000000 ebx=00000000 ecx=00000000 edx=00000000
[    0.000000] CPUID[0d, 0f]: eax=00000000 ebx=00000000 ecx=00000000 edx=00000000
[    0.000000] CPUID[0d, 10]: eax=00000000 ebx=00000000 ecx=00000000 edx=00000000
[    0.000000] CPUID[0d, 11]: eax=00000000 ebx=00000000 ecx=00000000 edx=00000000
[    0.000000] x86/fpu: xstate_offset[2]:  576, xstate_sizes[2]:  256
[    0.000000] x86/fpu: Supporting XSAVE feature 0x01: 'x87 floating point registers'
[    0.000000] x86/fpu: Supporting XSAVE feature 0x02: 'SSE registers'
[    0.000000] x86/fpu: Supporting XSAVE feature 0x04: 'AVX registers'
[    0.000000] x86/fpu: Enabled xstate features 0x7, context size is 1088 bytes, using 'standard' format.
[    0.000000] x86/fpu: Using 'lazy' FPU context switches.
[    0.000000] e820: BIOS-provided physical RAM map:
[    0.000000] BIOS-e820: [mem 0x0000000000000000-0x000000000009fbff] usable
[    0.000000] BIOS-e820: [mem 0x000000000009fc00-0x000000000009ffff] reserved
[    0.000000] BIOS-e820: [mem 0x00000000000f0000-0x00000000000fffff] reserved
[    0.000000] BIOS-e820: [mem 0x0000000000100000-0x000000003ffeffff] usable
[    0.000000] BIOS-e820: [mem 0x000000003fff0000-0x000000003fffffff] ACPI data
[    0.000000] BIOS-e820: [mem 0x00000000fec00000-0x00000000fec00fff] reserved
[    0.000000] BIOS-e820: [mem 0x00000000fee00000-0x00000000fee00fff] reserved
[    0.000000] BIOS-e820: [mem 0x00000000fffc0000-0x00000000ffffffff] reserved
[    0.000000] NX (Execute Disable) protection: active
[    0.000000] SMBIOS 2.5 present.
[    0.000000] Hypervisor detected: KVM
[    0.000000] e820: last_pfn = 0x3fff0 max_arch_pfn = 0x400000000
[    0.000000] MTRR: Disabled
[    0.000000] x86/PAT: MTRRs disabled, skipping PAT initialization too.
[    0.000000] CPU MTRRs all blank - virtualized system.
[    0.000000] x86/PAT: Configuration [0-7]: WB  WT  UC- UC  WB  WT  UC- UC  
[    0.000000] found SMP MP-table at [mem 0x0009fff0-0x0009ffff] mapped at [ffff88000009fff0]
[    0.000000] Scanning 1 areas for low memory corruption
[    0.000000] RAMDISK: [mem 0x36232000-0x37110fff]
[    0.000000] ACPI: Early table checksum verification disabled
[    0.000000] ACPI: RSDP 0x00000000000E0000 000024 (v02 VBOX  )
[    0.000000] ACPI: XSDT 0x000000003FFF0030 00003C (v01 VBOX   VBOXXSDT 00000001 ASL  00000061)
[    0.000000] ACPI: FACP 0x000000003FFF00F0 0000F4 (v04 VBOX   VBOXFACP 00000001 ASL  00000061)
[    0.000000] ACPI: DSDT 0x000000003FFF0470 0021C8 (v02 VBOX   VBOXBIOS 00000002 INTL 20100528)
[    0.000000] ACPI: FACS 0x000000003FFF0200 000040
[    0.000000] ACPI: FACS 0x000000003FFF0200 000040
[    0.000000] ACPI: APIC 0x000000003FFF0240 00005C (v02 VBOX   VBOXAPIC 00000001 ASL  00000061)
[    0.000000] ACPI: SSDT 0x000000003FFF02A0 0001CC (v01 VBOX   VBOXCPUT 00000002 INTL 20100528)
[    0.000000] No NUMA configuration found
[    0.000000] Faking a node at [mem 0x0000000000000000-0x000000003ffeffff]
[    0.000000] NODE_DATA(0) allocated [mem 0x3ffeb000-0x3ffeffff]
[    0.000000] kvm-clock: Using msrs 4b564d01 and 4b564d00
[    0.000000] kvm-clock: cpu 0, msr 0:3ffe3001, primary cpu clock
[    0.000000] kvm-clock: using sched offset of 3507453391 cycles
[    0.000000] clocksource: kvm-clock: mask: 0xffffffffffffffff max_cycles: 0x1cd42e4dffb, max_idle_ns: 881590591483 ns
[    0.000000] Zone ranges:
[    0.000000]   DMA      [mem 0x0000000000001000-0x0000000000ffffff]
[    0.000000]   DMA32    [mem 0x0000000001000000-0x000000003ffeffff]
[    0.000000]   Normal   empty
[    0.000000]   Device   empty
[    0.000000] Movable zone start for each node
[    0.000000] Early memory node ranges
[    0.000000]   node   0: [mem 0x0000000000001000-0x000000000009efff]
[    0.000000]   node   0: [mem 0x0000000000100000-0x000000003ffeffff]
[    0.000000] Initmem setup node 0 [mem 0x0000000000001000-0x000000003ffeffff]
[    0.000000] ACPI: PM-Timer IO Port: 0x4008
[    0.000000] IOAPIC[0]: apic_id 2, version 32, address 0xfec00000, GSI 0-23
[    0.000000] ACPI: INT_SRC_OVR (bus 0 bus_irq 0 global_irq 2 dfl dfl)
[    0.000000] ACPI: INT_SRC_OVR (bus 0 bus_irq 9 global_irq 9 high level)
[    0.000000] Using ACPI (MADT) for SMP configuration information
[    0.000000] smpboot: Allowing 2 CPUs, 0 hotplug CPUs
[    0.000000] PM: Registered nosave memory: [mem 0x00000000-0x00000fff]
[    0.000000] PM: Registered nosave memory: [mem 0x0009f000-0x0009ffff]
[    0.000000] PM: Registered nosave memory: [mem 0x000a0000-0x000effff]
[    0.000000] PM: Registered nosave memory: [mem 0x000f0000-0x000fffff]
[    0.000000] e820: [mem 0x40000000-0xfebfffff] available for PCI devices
[    0.000000] Booting paravirtualized kernel on KVM
[    0.000000] clocksource: refined-jiffies: mask: 0xffffffff max_cycles: 0xffffffff, max_idle_ns: 7645519600211568 ns
[    0.000000] setup_percpu: NR_CPUS:512 nr_cpumask_bits:512 nr_cpu_ids:2 nr_node_ids:1
[    0.000000] PERCPU: Embedded 34 pages/cpu @ffff88003fc00000 s98328 r8192 d32744 u1048576
[    0.000000] PV qspinlock hash table entries: 256 (order: 0, 4096 bytes)
[    0.000000] Built 1 zonelists in Node order, mobility grouping on.  Total pages: 257913
[    0.000000] Policy zone: DMA32
[    0.000000] Kernel command line: BOOT_IMAGE=/boot/vmlinuz-4.4.0-96-generic root=UUID=ce24233e-85c4-4f5b-a084-25bb2493ad65 ro console=tty1 console=ttyS0
[    0.000000] PID hash table entries: 4096 (order: 3, 32768 bytes)
[    0.000000] Memory: 997336K/1048120K available (8479K kernel code, 1294K rwdata, 3984K rodata, 1492K init, 1316K bss, 50784K reserved, 0K cma-reserved)
[    0.000000] SLUB: HWalign=64, Order=0-3, MinObjects=0, CPUs=2, Nodes=1
[    0.000000] Hierarchical RCU implementation.
[    0.000000] 	Build-time adjustment of leaf fanout to 64.
[    0.000000] 	RCU restricting CPUs from NR_CPUS=512 to nr_cpu_ids=2.
[    0.000000] RCU: Adjusting geometry for rcu_fanout_leaf=64, nr_cpu_ids=2
[    0.000000] NR_IRQS:33024 nr_irqs:440 16
[    0.000000] Console: colour VGA+ 80x25
[    0.000000] console [tty1] enabled
[    0.000000] console [ttyS0] enabled
[    0.000000] tsc: Detected 2807.996 MHz processor
[   20.274314] Calibrating delay loop (skipped) preset value.. 5615.99 BogoMIPS (lpj=11231984)
[   20.465965] pid_max: default: 32768 minimum: 301
[   20.532880] ACPI: Core revision 20150930
[   20.534503] ACPI: 2 ACPI AML tables successfully acquired and loaded
[   20.649477] Security Framework initialized
[   20.650134] Yama: becoming mindful.
[   20.650822] AppArmor: AppArmor initialized
[   20.749447] Dentry cache hash table entries: 131072 (order: 8, 1048576 bytes)
[   20.765983] Inode-cache hash table entries: 65536 (order: 7, 524288 bytes)
[   20.768155] Mount-cache hash table entries: 2048 (order: 2, 16384 bytes)
[   20.835278] Mountpoint-cache hash table entries: 2048 (order: 2, 16384 bytes)
[   20.956451] Initializing cgroup subsys io
[   21.070573] Initializing cgroup subsys memory
[   21.183396] Initializing cgroup subsys devices
[   21.309707] Initializing cgroup subsys freezer
[   21.425080] Initializing cgroup subsys net_cls
[   21.425773] Initializing cgroup subsys perf_event
[   21.535394] Initializing cgroup subsys net_prio
[   21.653237] Initializing cgroup subsys hugetlb
[   21.768399] Initializing cgroup subsys pids
[   21.861412] CPU: Physical Processor ID: 0
[   21.977664] CPU: Processor Core ID: 0
[   22.060044] mce: CPU supports 0 MCE banks
[   22.158282] Last level iTLB entries: 4KB 64, 2MB 8, 4MB 8
[   22.189564] Last level dTLB entries: 4KB 64, 2MB 0, 4MB 0, 1GB 4
[   22.340476] Freeing SMP alternatives memory: 32K
[   22.446165] ftrace: allocating 32146 entries in 126 pages
[   22.627503] smpboot: APIC(0) Converting physical 0 to logical package 0
[   22.805024] smpboot: Max logical packages: 1
[   22.918408] x2apic enabled
[   22.985968] Switched APIC routing to physical x2apic.
[   23.106511] ..TIMER: vector=0x30 apic1=0 pin1=2 apic2=-1 pin2=-1
[   23.260835] smpboot: CPU0: Intel(R) Core(TM) i7-7700HQ CPU @ 2.80GHz (family: 0x6, model: 0x9e, stepping: 0x9)
[   23.520141] Performance Events: unsupported p6 CPU model 158 no PMU driver, software events only.
[   23.764122] KVM setup paravirtual spinlock
[   23.884073] x86: Booting SMP configuration:
[   23.986679] .... node  #0, CPUs:      #1
[   24.063620] kvm-clock: cpu 1, msr 0:3ffe3041, secondary cpu clock
[   24.065344] mce: CPU supports 0 MCE banks
[   24.091182] x86: Booted up 1 node, 2 CPUs
[   24.160214] smpboot: Total of 2 processors activated (11231.98 BogoMIPS)
[   24.282046] devtmpfs: initialized
[   24.363596] evm: security.selinux
[   24.459865] evm: security.SMACK64
[   24.553871] evm: security.SMACK64EXEC
[   24.656211] evm: security.SMACK64TRANSMUTE
[   24.701825] evm: security.SMACK64MMAP
[   24.757781] evm: security.ima
[   24.820492] evm: security.capability
[   24.896107] clocksource: jiffies: mask: 0xffffffff max_cycles: 0xffffffff, max_idle_ns: 7645041785100000 ns
[   25.163813] futex hash table entries: 512 (order: 3, 32768 bytes)
[   25.312718] pinctrl core: initialized pinctrl subsystem
[   25.449935] RTC time:  5:14:54, date: 09/28/17
[   25.527544] NET: Registered protocol family 16
[   25.661399] cpuidle: using governor ladder
[   25.686927] cpuidle: using governor menu
[   25.795579] PCCT header not found.
[   25.892585] ACPI: bus type PCI registered
[   25.983248] acpiphp: ACPI Hot Plug PCI Controller Driver version: 0.5
[   26.164958] PCI: Using configuration type 1 for base access
[   26.313944] ACPI: Added _OSI(Module Device)
[   26.402212] ACPI: Added _OSI(Processor Device)
[   26.505688] ACPI: Added _OSI(3.0 _SCP Extensions)
[   26.554690] ACPI: Added _OSI(Processor Aggregator Device)
[   26.668464] ACPI: Executed 1 blocks of module-level executable AML code
[   26.789008] ACPI: Interpreter enabled
[   26.892329] ACPI: (supports S0 S5)
[   26.974697] ACPI: Using IOAPIC for interrupt routing
[   27.063450] PCI: Using host bridge windows from ACPI; if necessary, use "pci=nocrs" and report a bug
[   27.247333] ACPI: PCI Root Bridge [PCI0] (domain 0000 [bus 00-ff])
[   27.380413] acpi PNP0A03:00: _OSC: OS supports [ASPM ClockPM Segments MSI]
[   27.544779] acpi PNP0A03:00: _OSC failed (AE_NOT_FOUND); disabling ASPM
[   27.720760] acpi PNP0A03:00: fail to add MMCONFIG information, can't access extended PCI configuration space under this bridge.
[   28.000795] PCI host bridge to bus 0000:00
[   28.125317] pci_bus 0000:00: root bus resource [io  0x0000-0x0cf7 window]
[   28.299229] pci_bus 0000:00: root bus resource [io  0x0d00-0xffff window]
[   28.484734] pci_bus 0000:00: root bus resource [mem 0x000a0000-0x000bffff window]
[   28.534963] pci_bus 0000:00: root bus resource [mem 0x40000000-0xffdfffff window]
[   28.677147] pci_bus 0000:00: root bus resource [bus 00-ff]
[   28.792396] pci 0000:00:01.1: legacy IDE quirk: reg 0x10: [io  0x01f0-0x01f7]
[   28.955634] pci 0000:00:01.1: legacy IDE quirk: reg 0x14: [io  0x03f6]
[   29.139625] pci 0000:00:01.1: legacy IDE quirk: reg 0x18: [io  0x0170-0x0177]
[   29.342562] pci 0000:00:01.1: legacy IDE quirk: reg 0x1c: [io  0x0376]
[   29.503072] pci 0000:00:07.0: quirk: [io  0x4000-0x403f] claimed by PIIX4 ACPI
[   29.657940] pci 0000:00:07.0: quirk: [io  0x4100-0x410f] claimed by PIIX4 SMB
[   29.857228] ACPI: PCI Interrupt Link [LNKA] (IRQs 5 9 10 *11)
[   29.968728] ACPI: PCI Interrupt Link [LNKB] (IRQs 5 9 10 *11)
[   30.093078] ACPI: PCI Interrupt Link [LNKC] (IRQs 5 9 *10 11)
[   30.208753] ACPI: PCI Interrupt Link [LNKD] (IRQs 5 *9 10 11)
[   30.352468] ACPI: Enabled 2 GPEs in block 00 to 07
[   30.483451] vgaarb: setting as boot device: PCI:0000:00:02.0
[   30.601807] vgaarb: device added: PCI:0000:00:02.0,decodes=io+mem,owns=io+mem,locks=none
[   30.786651] vgaarb: loaded
[   30.787231] vgaarb: bridge control possible 0000:00:02.0
[   30.927859] SCSI subsystem initialized
[   31.008760] ACPI: bus type USB registered
[   31.009406] usbcore: registered new interface driver usbfs
[   31.010228] usbcore: registered new interface driver hub
[   31.010986] usbcore: registered new device driver usb
[   31.011908] PCI: Using ACPI for IRQ routing
[   31.114678] NetLabel: Initializing
[   31.212907] NetLabel:  domain hash size = 128
[   31.332607] NetLabel:  protocols = UNLABELED CIPSOv4
[   31.439401] NetLabel:  unlabeled traffic allowed by default
[   31.599321] amd_nb: Cannot enumerate AMD northbridges
[   31.695792] clocksource: Switched to clocksource kvm-clock
[   31.846495] AppArmor: AppArmor Filesystem Enabled
[   31.924348] pnp: PnP ACPI init
[   31.925459] pnp: PnP ACPI: found 3 devices
[   31.934471] clocksource: acpi_pm: mask: 0xffffff max_cycles: 0xffffff, max_idle_ns: 2085701024 ns
[   32.214708] NET: Registered protocol family 2
[   32.340999] TCP established hash table entries: 8192 (order: 4, 65536 bytes)
[   32.581870] TCP bind hash table entries: 8192 (order: 5, 131072 bytes)
[   32.778758] TCP: Hash tables configured (established 8192 bind 8192)
[   32.965238] UDP hash table entries: 512 (order: 2, 16384 bytes)
[   33.160032] UDP-Lite hash table entries: 512 (order: 2, 16384 bytes)
[   33.374013] NET: Registered protocol family 1
[   33.505338] pci 0000:00:00.0: Limiting direct PCI/PCI transfers
[   33.694291] pci 0000:00:01.0: Activating ISA DMA hang workarounds
[   33.860583] Unpacking initramfs...
[   34.121164] Freeing initrd memory: 15228K
[   34.206418] platform rtc_cmos: registered platform RTC device (no PNP device found)
[   34.346795] Scanning for low memory corruption every 60 seconds
[   34.393450] audit: initializing netlink subsys (disabled)
[   34.503329] audit: type=2000 audit(1506575678.388:1): initialized
[   34.586083] Initialise system trusted keyring
[   34.654357] HugeTLB registered 2 MB page size, pre-allocated 0 pages
[   34.791778] zbud: loaded
[   34.831687] VFS: Disk quotas dquot_6.6.0
[   34.894390] VFS: Dquot-cache hash table entries: 512 (order 0, 4096 bytes)
[   34.895529] squashfs: version 4.0 (2009/01/31) Phillip Lougher
[   35.008446] fuse init (API version 7.23)
[   35.088984] Key type big_key registered
[   35.152946] Allocating IMA MOK and blacklist keyrings.
[   35.206605] tsc: Refined TSC clocksource calibration: 2807.010 MHz
[   35.207451] clocksource: tsc: mask: 0xffffffffffffffff max_cycles: 0x28761f23137, max_idle_ns: 440795335008 ns
[   35.210088] Key type asymmetric registered
[   35.212031] Asymmetric key parser 'x509' registered
[   35.221485] Block layer SCSI generic (bsg) driver version 0.4 loaded (major 249)
[   35.222740] io scheduler noop registered
[   35.223397] io scheduler deadline registered (default)
[   35.224222] io scheduler cfq registered
[   35.224922] pci_hotplug: PCI Hot Plug PCI Core version: 0.5
[   35.225716] pciehp: PCI Express Hot Plug Controller Driver version: 0.4
[   35.349866] ACPI: AC Adapter [AC] (off-line)
[   35.457397] input: Power Button as /devices/LNXSYSTM:00/LNXPWRBN:00/input/input0
[   35.649394] ACPI: Power Button [PWRF]
[   35.722033] input: Sleep Button as /devices/LNXSYSTM:00/LNXSLPBN:00/input/input1
[   35.864366] ACPI: Sleep Button [SLPF]
[   35.914316] GHES: HEST is not enabled!
[   36.004568] ACPI: Battery Slot [BAT0] (battery present)
[   36.119929] Serial: 8250/16550 driver, 32 ports, IRQ sharing enabled
[   36.167240] 00:02: ttyS0 at I/O 0x3f8 (irq = 4, base_baud = 115200) is a 16550A
[   36.274136] Linux agpgart interface v0.103
[   36.339970] loop: module loaded
[   36.397260] scsi host0: ata_piix
[   36.454482] scsi host1: ata_piix
[   36.512059] ata1: PATA max UDMA/33 cmd 0x1f0 ctl 0x3f6 bmdma 0xd000 irq 14
[   36.664400] ata2: PATA max UDMA/33 cmd 0x170 ctl 0x376 bmdma 0xd008 irq 15
[   36.772704] libphy: Fixed MDIO Bus: probed
[   36.872396] tun: Universal TUN/TAP device driver, 1.6
[   36.938465] tun: (C) 1999-2004 Max Krasnyansky <maxk@qualcomm.com>
[   37.024578] PPP generic driver version 2.4.2
[   37.116606] ehci_hcd: USB 2.0 'Enhanced' Host Controller (EHCI) Driver
[   37.219468] ehci-pci: EHCI PCI platform driver
[   37.353006] ehci-platform: EHCI generic platform driver
[   37.506330] ohci_hcd: USB 1.1 'Open' Host Controller (OHCI) Driver
[   37.626643] ohci-pci: OHCI PCI platform driver
[   37.627355] ohci-platform: OHCI generic platform driver
[   37.628120] uhci_hcd: USB Universal Host Controller Interface driver
[   37.763456] i8042: PNP: PS/2 Controller [PNP0303:PS2K,PNP0f03:PS2M] at 0x60,0x64 irq 1,12
[   37.801698] serio: i8042 KBD port at 0x60,0x64 irq 1
[   37.939021] serio: i8042 AUX port at 0x60,0x64 irq 12
[   38.014564] mousedev: PS/2 mouse device common for all mice
[   38.070749] input: AT Translated Set 2 keyboard as /devices/platform/i8042/serio0/input/input2
[   38.285276] rtc_cmos rtc_cmos: rtc core: registered rtc_cmos as rtc0
[   38.484485] rtc_cmos rtc_cmos: alarms up to one day, 114 bytes nvram
[   38.698593] i2c /dev entries driver
[   38.818161] device-mapper: uevent: version 1.0.3
[   38.943977] device-mapper: ioctl: 4.34.0-ioctl (2015-10-28) initialised: dm-devel@redhat.com
[   39.160458] ledtrig-cpu: registered to indicate activity on CPUs
[   39.322351] NET: Registered protocol family 10
[   39.456311] NET: Registered protocol family 17
[   39.583649] Key type dns_resolver registered
[   39.703414] microcode: CPU0 sig=0x906e9, pf=0x8, revision=0x0
[   39.848375] microcode: CPU1 sig=0x906e9, pf=0x8, revision=0x0
[   39.958310] microcode: Microcode Update Driver: v2.01 <tigran@aivazian.fsnet.co.uk>, Peter Oruba
[   40.162762] registered taskstats version 1
[   40.248585] Loading compiled-in X.509 certificates
[   40.415966] Loaded X.509 cert 'Build time autogenerated kernel key: b1a6ea8776bed2812c00d8a799f968274ef48628'
[   40.730738] zswap: loaded using pool lzo/zbud
[   40.850083] Key type trusted registered
[   40.959484] Key type encrypted registered
[   41.081594] AppArmor: AppArmor sha1 policy hashing enabled
[   41.208471] ima: No TPM chip found, activating TPM-bypass!
[   41.334460] evm: HMAC attrs: 0x1
[   41.420899]   Magic number: 1:818:214
[   41.511947] rtc_cmos rtc_cmos: setting system clock to 2017-09-28 05:15:11 UTC (1506575711)
[   41.735705] BIOS EDD facility v0.16 2004-Jun-25, 0 devices found
[   41.908778] EDD information not available.
[   42.034960] Freeing unused kernel memory: 1492K
[   42.138349] Write protecting the kernel read-only data: 14336k
[   42.229111] Freeing unused kernel memory: 1748K
[   42.314998] Freeing unused kernel memory: 112K
Loading, please [   42.445702] random: systemd-udevd: uninitialized urandom read (16 bytes read, 5 bits of entropy available)
wait...
startin[   42.446431] random: udevadm: uninitialized urandom read (16 bytes read, 5 bits of entropy available)
g version 229
[   42.446460] random: udevadm: uninitialized urandom read (16 bytes read, 5 bits of entropy available)
[   42.446565] random: udevadm: uninitialized urandom read (16 bytes read, 5 bits of entropy available)
[   42.446593] random: udevadm: uninitialized urandom read (16 bytes read, 5 bits of entropy available)
[   42.446659] random: udevadm: uninitialized urandom read (16 bytes read, 5 bits of entropy available)
[   42.446713] random: udevadm: uninitialized urandom read (16 bytes read, 5 bits of entropy available)
[   42.446759] random: udevadm: uninitialized urandom read (16 bytes read, 5 bits of entropy available)
[   42.446785] random: udevadm: uninitialized urandom read (16 bytes read, 5 bits of entropy available)
[   42.446811] random: udevadm: uninitialized urandom read (16 bytes read, 5 bits of entropy available)
[   44.570590] e1000: Intel(R) PRO/1000 Network Driver - version 7.3.21-k8-NAPI
[   44.753986] e1000: Copyright (c) 1999-2006 Intel Corporation.
[   44.891701] Fusion MPT base driver 3.04.20
[   44.991416] Copyright (c) 1999-2008 LSI Corporation
[   45.105467] AVX version of gcm_enc/dec engaged.
[   45.174534] AES CTR mode by8 optimization enabled
[   45.242803] input: ImExPS/2 Generic Explorer Mouse as /devices/platform/i8042/serio1/input/input4
[   45.406322] Fusion MPT SPI Host driver 3.04.20
[   45.761172] e1000 0000:00:03.0 eth0: (PCI:33MHz:32-bit) 02:04:e4:df:e4:d8
[   45.931068] e1000 0000:00:03.0 eth0: Intel(R) PRO/1000 Network Connection
[   46.102266] e1000 0000:00:03.0 enp0s3: renamed from eth0
[   46.102367] mptbase: ioc0: Initiating bringup
[   46.404730] ioc0: LSI53C1030 A0: Capabilities={Initiator}
[   46.691443] scsi host2: ioc0: LSI53C1030 A0, FwRev=00000000h, Ports=1, MaxQ=256, IRQ=20
[   46.832208] scsi 2:0:0:0: Direct-Access     VBOX     HARDDISK         1.0  PQ: 0 ANSI: 5
[   46.939512] scsi target2:0:0: Beginning Domain Validation
[   46.989419] scsi target2:0:0: Domain Validation skipping write tests
[   47.110572] scsi target2:0:0: Ending Domain Validation
[   47.222616] scsi target2:0:0: asynchronous
[   47.335438] scsi 2:0:1:0: Direct-Access     VBOX     HARDDISK         1.0  PQ: 0 ANSI: 5
[   47.348571] scsi target2:0:1: Beginning Domain Validation
[   47.354328] scsi target2:0:1: Domain Validation skipping write tests
[   47.399512] scsi target2:0:1: Ending Domain Validation
[   47.504506] scsi target2:0:1: asynchronous
[   47.510607] sd 2:0:0:0: Attached scsi generic sg0 type 0
[   47.510614] sd 2:0:0:0: [sda] 20971520 512-byte logical blocks: (10.7 GB/10.0 GiB)
[   47.510731] sd 2:0:0:0: [sda] Write Protect is off
[   47.510794] sd 2:0:0:0: [sda] Incomplete mode parameter data
[   47.510794] sd 2:0:0:0: [sda] Assuming drive cache: write through
[   47.559832]  sda: sda1
[   47.560843] sd 2:0:0:0: [sda] Attached SCSI disk
[   48.047441] sd 2:0:1:0: Attached scsi generic sg1 type 0
[   48.047539] sd 2:0:1:0: [sdb] 20480 512-byte logical blocks: (10.5 MB/10.0 MiB)
[   48.047633] sd 2:0:1:0: [sdb] Write Protect is off
[   48.047814] sd 2:0:1:0: [sdb] Incomplete mode parameter data
[   48.047815] sd 2:0:1:0: [sdb] Assuming drive cache: write through
[   48.078648] sd 2:0:1:0: [sdb] Attached SCSI disk
[   48.169316] floppy0: no floppy controllers found
[   48.169347] work still pending
Begin: Loading e[   49.984061] md: linear personality registered for level -1
ssential drivers[   50.114453] md: multipath personality registered for level -4
 ... [   50.286214] md: raid0 personality registered for level 0
[   50.423660] md: raid1 personality registered for level 1
[   50.639916] raid6: sse2x1   gen()  8895 MB/s
[   50.747891] raid6: sse2x1   xor()  5703 MB/s
[   50.856015] raid6: sse2x2   gen() 10573 MB/s
[   51.008068] raid6: sse2x2   xor()  7520 MB/s
[   51.171857] raid6: sse2x4   gen() 12351 MB/s
[   51.307976] raid6: sse2x4   xor()  8284 MB/s
[   51.415175] raid6: using algorithm sse2x4 gen() 12351 MB/s
[   51.545002] raid6: .... xor() 8284 MB/s, rmw enabled
[   51.676501] raid6: using ssse3x2 recovery algorithm
[   51.691112] xor: automatically using best checksumming function:
[   51.880249]    avx       : 24195.000 MB/sec
[   51.937384] async_tx: api initialized (async)
[   52.030632] md: raid6 personality registered for level 6
[   52.140413] md: raid5 personality registered for level 5
[   52.207242] md: raid4 personality registered for level 4
[   52.256507] md: raid10 personality registered for level 10
done.
Begin: Running /[   52.431025] Btrfs loaded
scripts/init-premount ... done.
Begin: Mounting root file system ... Begin: Running /scripts/local-top ... done.
Begin: Running /scripts/local-premount ... Scanning for Btrfs filesystems
done.
Warning: fsck not present, so skipping root[   52.586045] EXT4-fs (sda1): mounted filesystem with ordered data mode. Opts: (null)
 file system
done.
Begin: Running /scripts/local-bottom ... done.
Begin: Running /scripts/init-bottom ... done.
[   53.066360] random: nonblocking pool is initialized
[   53.514547] systemd[1]: systemd 229 running in system mode. (+PAM +AUDIT +SELINUX +IMA +APPARMOR +SMACK +SYSVINIT +UTMP +LIBCRYPTSETUP +GCRYPT +GNUTLS +ACL +XZ -LZ4 +SECCOMP +BLKID +ELFUTILS +KMOD -IDN)
[   54.067176] systemd[1]: Detected virtualization oracle.
[   54.208949] systemd[1]: Detected architecture x86-64.

Welcome to [1mUbuntu 16.04.3 LTS[0m!

[   54.494973] systemd[1]: Set hostname to <ubuntu-xenial>.
[   55.347173] systemd[1]: Listening on udev Kernel Socket.
[[0;32m  OK  [0m] Listening on udev Kernel Socket.
[   55.584389] systemd[1]: Reached target Encrypted Volumes.
[[0;32m  OK  [0m] Reached target Encrypted Volumes.
[   55.828627] systemd[1]: Listening on /dev/initctl Compatibility Named Pipe.
[[0;32m  OK  [0m] Listening on /dev/initctl Compatibility Named Pipe.
[   56.088042] systemd[1]: Listening on LVM2 metadata daemon socket.
[[0;32m  OK  [0m] Listening on LVM2 metadata daemon socket.
[   56.280882] systemd[1]: Listening on Journal Socket.
[[0;32m  OK  [0m] Listening on Journal Socket.
[   56.453140] systemd[1]: Listening on Journal Audit Socket.
[[0;32m  OK  [0m] Listening on Journal Audit Socket.
[   56.641862] systemd[1]: Listening on LVM2 poll daemon socket.
[[0;32m  OK  [0m] Listening on LVM2 poll daemon socket.
[   56.888346] systemd[1]: Reached target Swap.
[[0;32m  OK  [0m] Reached target Swap.
[   57.073158] systemd[1]: Listening on Journal Socket (/dev/log).
[[0;32m  OK  [0m] Listening on Journal Socket (/dev/log).
[   57.229776] systemd[1]: Listening on Device-mapper event daemon FIFOs.
[[0;32m  OK  [0m] Listening on Device-mapper event daemon FIFOs.
[   57.484853] systemd[1]: Listening on Syslog Socket.
[[0;32m  OK  [0m] Listening on Syslog Socket.
[   57.652790] systemd[1]: Created slice System Slice.
[[0;32m  OK  [0m] Created slice System Slice.
[   57.867951] systemd[1]: Starting Uncomplicated firewall...
         Starting Uncomplicated firewall...
[   58.084302] systemd[1]: Starting Set console keymap...
         Starting Set console keymap...
[   58.256364] systemd[1]: Mounting Debug File System...
         Mounting Debug File System...
[   58.412457] systemd[1]: Mounting POSIX Message Queue File System...
         Mounting POSIX Message Queue File System...
[   58.692182] systemd[1]: Starting Journal Service...
         Starting Journal Service...
[   58.875999] systemd[1]: Starting Nameserver information manager...
         Starting Nameserver information manager...
[   59.053229] systemd[1]: Starting Monitoring of LVM2 mirrors, snapshots etc. using dmeventd or progress polling...
         Starting Monitoring of LVM2 mirrors... dmeventd or progress polling...
[   59.356112] systemd[1]: Listening on udev Control Socket.
[[0;32m  OK  [0m] Listening on udev Control Socket.
[   59.572872] systemd[1]: Starting Remount Root and Kernel File Systems...
         [   59.759461] EXT4-fs (sda1): re-mounted. Opts: (null)
Starting Remount Root and Kernel File Systems...
[   60.015908] systemd[1]: Starting Load Kernel Modules...
         Starting Load Kernel Modules...
[   60.180406] systemd[1]: Mounting Huge Pages File System...
[   60.291293] Loading iSCSI transport class v2.0-870.
         Mounting Huge Pages File System...
[   60.378498] iscsi: registered transport (tcp)
[   60.475875] systemd[1]: Started Forward Password Requests to Wall Directory Watch.
[[0;32m  OK  [0m] Started Forw[   60.529734] iscsi: registered transport (iser)
ard Password Requests to Wall Directory Watch.
[   60.680185] systemd[1]: Reached target User and Group Name Lookups.
[[0;32m  OK  [0m] Reached target User and Group Name Lookups.
[   60.945115] systemd[1]: Created slice system-postgresql.slice.
[[0;32m  OK  [0m] Created slice system-postgresql.slice.
[   61.120546] systemd[1]: Set up automount Arbitrary Executable File Formats File System Automount Point.
[[0;32m  OK  [0m] Set up automount Arbitrary Executab...ats File System Automount Point.
[   61.521078] systemd[1]: Started Trigger resolvconf update for networkd DNS.
[[0;32m  OK  [0m] Started Trigger resolvconf update for networkd DNS.
[   61.652827] systemd[1]: Created slice User and Session Slice.
[[0;32m  OK  [0m] Created slice User and Session Slice.
[   61.796543] systemd[1]: Reached target Slices.
[[0;32m  OK  [0m] Reached target Slices.
[   62.023912] systemd[1]: Created slice system-serial\x2dgetty.slice.
[[0;32m  OK  [0m] Created slice system-serial\x2dgetty.slice.
[   62.276079] systemd[1]: Starting Create list of required static device nodes for the current kernel...
         Starting Create list of required st... nodes for the current kernel...
[   62.581256] systemd[1]: Mounted Huge Pages File System.
[[0;32m  OK  [0m] Mounted Huge Pages File System.
[   62.740446] systemd[1]: Mounted POSIX Message Queue File System.
[[0;32m  OK  [0m] Mounted POSIX Message Queue File System.
[   62.904500] systemd[1]: Mounted Debug File System.
[[0;32m  OK  [0m] Mounted Debug File System.
[   63.105127] systemd[1]: Started Journal Service.
[[0;32m  OK  [0m] Started Journal Service.
[[0;32m  OK  [0m] Started Uncomplicated firewall.
[[0;32m  OK  [0m] Started Set console keymap.
[[0;32m  OK  [0m] Started Remount Root and Kernel File Systems.
[[0;32m  OK  [0m] Started Load Kernel Modules.
[[0;32m  OK  [0m] Started Create list of required sta...ce nodes for the current kernel.
[[0;32m  OK  [0m] Started Nameserver information manager.
[[0;32m  OK  [0m] Started LVM2 metadata daemon.
         Starting Create Static Device Nodes in /dev...
         Mounting FUSE Control File System...
         Starting Apply Kernel Variables...
         Starting udev Coldplug all Devices...
         Starting Load/Save Random Seed...
         Starting Initial cloud-init job (pre-networking)...
         Starting Flush Journal to Persistent Storage...
[[0;32m  OK  [0m] Mounted FUSE Control File System.
[[0;32m  OK  [0m] Started Monitoring of LVM2 mirrors,...ng dmeventd or progress polling.
[[0;32m  OK  [0m] Started Create Static Device Nodes in /dev.
[[0;32m  OK  [0m] Started Apply Kernel Variables.
[[0;32m  OK  [0m] Started Load/Save Random Seed.
[[0;32m  OK  [0m] Started udev Coldplug all Devices.
         Starting udev Kernel Device Manager...
[[0;32m  OK  [0m] Started Flush Journal to Persistent Storage.
[[0;32m  OK  [0m] Started udev Kernel Device Manager.
[[0;32m  OK  [0m] Started Dispatch Password Requests to Console Directory Watch.
[[0;32m  OK  [0m] Reached target Local File Systems (Pre).
[[0;32m  OK  [0m] Reached target Local File Systems.
         Starting Set console font and keymap...
         Starting Tell Plymouth To Write Out Runtime Data...
         Starting LSB: AppArmor initialization...
         Starting Create Volatile Files and Directories...
[[0;32m  OK  [0m] Started Tell Plymouth To Write Out Runtime Data.
[[0;32m  OK  [0m] Found device /dev/ttyS0.
[[0;32m  OK  [0m] Started Create Volatile Files and Directories.
[[0;32m  OK  [0m] Reached target System Time Synchronized.
         Starting Update UTMP about System Boot/Shutdown...
[[0;32m  OK  [0m] Started Set console font and keymap.
[[0;32m  OK  [0m] Created slice system-getty.slice.
[[0;32m  OK  [0m] Found device 82540EM Gigabit Ethern...r (PRO/1000 MT Desktop Adapter).
[[0;32m  OK  [0m] Started Update UTMP about System Boot/Shutdown.
[[0;32m  OK  [0m] Listening on Load/Save RF Kill Switch Status /dev/rfkill Watch.
[[0;32m  OK  [0m] Started LSB: AppArmor initialization.
[   37.594766] cloud-init[457]: Cloud-init v. 0.7.9 running 'init-local' at Thu, 28 Sep 2017 05:15:38 +0000. Up 37.09 seconds.
[[0;32m  OK  [0m] Started Initial cloud-init job (pre-networking).
[[0;32m  OK  [0m] Reached target Network (Pre).
[[0;32m  OK  [0m] Started ifup for enp0s3.
         Starting Raise network interfaces...
[[0;32m  OK  [0m] Started Raise network interfaces.
         Starting Initial cloud-init job (metadata service crawler)...
[[0;32m  OK  [0m] Reached target Network.
[   38.908068] cloud-init[959]: Cloud-init v. 0.7.9 running 'init' at Thu, 28 Sep 2017 05:15:39 +0000. Up 38.44 seconds.
[   38.950997] [[0;32m  OK  [0m] Started Initial cloud-init job (metadata service crawler).
cloud-init[959]: ci-info: +++++++++++++++++++++++++++++++++++++Net device info+++++++++++++++++++++++++++++++++++++
[   39.064501] [cloud-init[0;32m  OK  [0m[959]: ] ci-info: +--------+------+---------------------------+---------------+-------+-------------------+Reached target Cloud-config availability.

[   39.148344] [cloud-init[0;32m  OK  [0m[959]: ] ci-info: | Device |  Up  |          Address          |      Mask     | Scope |     Hw-Address    |Reached target System Initialization.

[   39.323653] [cloud-init[0;32m  OK  [0m[959]: ] ci-info: +--------+------+---------------------------+---------------+-------+-------------------+Started Daily Cleanup of Temporary Directories.

[   39.324090] [cloud-init[0;32m  OK  [0m[959]: ] ci-info: |   lo   | True |         127.0.0.1         |   255.0.0.0   |   .   |         .         |Listening on D-Bus System Message Bus Socket.

[[0;32m  OK  [0m] Listening on ACPID Listen Socket.
         Starting Socket activation for snappy daemon.
[   39.554223] cloud-init[959]: ci-info: |   lo   | True |          ::1/128          |       .       |  host |         .         |
[   39.936565] [cloud-init[0;32m  OK  [0m[959]: ] ci-info: | enp0s3 | True |         10.0.2.15         | 255.255.255.0 |   .   | 02:04:e4:df:e4:d8 |Started ACPI Events Check.

[   40.156387] [cloud-init[0;32m  OK  [0m[959]: ] ci-info: | enp0s3 | True | fe80::4:e4ff:fedf:e4d8/64 |       .       |  link | 02:04:e4:df:e4:d8 |Reached target Paths.

[   40.156787] cloud-init[959]: ci-info: +--------+------+---------------------------+---------------+-------+-------------------+
[   40.260759]          cloud-initStarting LXD - unix socket.[959]: 
ci-info: +++++++++++++++++++++++++++Route IPv4 info++++++++++++++++++++++++++++
[   40.365406] [[0;32m  OK  [0m] Started Timer to automatically refresh installed snaps.
[[0;32m  OK  [0m] Listening on UUID daemon activation socket.
[[0;32m  OK  [0m] Reached target Network is Online.
[[0;32m  OK  [0m] Started Daily apt download activities.
[[0;32m  OK  [0m] Started Daily apt upgrade and clean activities.
[[0;32m  OK  [0m] Reached target Timers.
cloud-init[959]: ci-info: +-------+-------------+----------+---------------+-----------+-------+
[   40.756999]          cloud-initStarting iSCSI initiator daemon (iscsid)...[959]: 
ci-info: | Route | Destination | Gateway  |    Genmask    | Interface | Flags |
[   40.941407] cloud-init[959]: ci-info: +-------+-------------+----------+---------------+-----------+-------+
[[0;32m  OK  [0m] Listening on Socket activation for snappy daemon.
[   40.942719] [cloud-init[0;32m  OK  [0m[959]: ] ci-info: |   0   |   0.0.0.0   | 10.0.2.2 |    0.0.0.0    |   enp0s3  |   UG  |Listening on LXD - unix socket.

[   41.324955] cloud-init[959]: ci-info: |   1   |   10.0.2.0  | 0.0.0.0  | 255.255.255.0 |   enp0s3  |   U   |
[   41.440897] cloud-init[959]: ci-info: +-------+-------------+----------+---------------+-----------+-------+
[[0;32m  OK  [0m] Reached target Sockets.
[[0;32m  OK  [0m] Reached target Basic System.
         Starting PostgreSQL Cluster 9.5-main...
         Starting OpenBSD Secure Shell server...
[[0;32m  OK  [0m] Started Unattended Upgrades Shutdown.
         Starting Login Service...
         Starting LSB: MD monitoring daemon...
[[0;32m  OK  [0m] Started D-Bus System Message Bus.
[[0;32m  OK  [0m] Started Deferred execution scheduler.
[[0;32m  OK  [0m] Started FUSE filesystem for LXC.
         Starting LSB: Record successful boot for GRUB...
[[0;32m  OK  [0m] Started ACPI event daemon.
         Starting Apply the settings specified in cloud-config...
         Starting /etc/rc.local Compatibility...
         Starting Accounts Service...
[[0;32m  OK  [0m] Started Snappy daemon.
         Starting Auto import assertions from block devices...
         Starting LXD - container startup/shutdown...
         Starting System Logging Service...
[   43.029171] cloud-init[1049]: Cloud-init v. 0.7.9 running 'modules:config' at Thu, 28 Sep 2017 05:15:43 +0000. Up 42.81 seconds.
[[0;32m  OK  [0m] Started Regular background program processing daemon.
[[0;32m  OK  [0m] Started OpenBSD Secure Shell server.
[[0;32m  OK  [0m] Started iSCSI initiator daemon (iscsid).
[[0;32m  OK  [0m] Started Apply the settings specified in cloud-config.
[[0;32m  OK  [0m] Started /etc/rc.local Compatibility.
[[0;32m  OK  [0m] Started Auto import assertions from block devices.
[[0;32m  OK  [0m] Started System Logging Service.
[[0;32m  OK  [0m] Started Login Service.
         Starting Authenticate and Authorize Users to Run Privileged Tasks...
         Starting Login to default iSCSI targets...
[[0;32m  OK  [0m] Started LSB: MD monitoring daemon.
[[0;32m  OK  [0m] Started LSB: Record successful boot for GRUB.
[[0;32m  OK  [0m] Started Login to default iSCSI targets.
[[0;32m  OK  [0m] Started Authenticate and Authorize Users to Run Privileged Tasks.
[[0;32m  OK  [0m] Started Accounts Service.
[[0;32m  OK  [0m] Reached target Remote File Systems (Pre).
[[0;32m  OK  [0m] Reached target Remote File Systems.
         Starting LSB: daemon to balance interrupts for SMP systems...
         Starting LSB: Start/stop sysstat's sadc...
         Starting LSB: automatic crash report generation...
         Starting LSB: VirtualBox Linux Additions...
         Starting Permit User Sessions...
         Starting LSB: Set the CPU Frequency Scaling governor to "ondemand"...
[[0;32m  OK  [0m] Started Permit User Sessions.
[[0;32m  OK  [0m] Started LSB: Start/stop sysstat's sadc.
         Starting Terminate Plymouth Boot Screen...
         Starting Hold until boot process finishes up...
[[0;32m  OK  [0m] Started LSB: daemon to balance interrupts for SMP systems.
[[0;32m  OK  [0m] Started LSB: automatic crash report generation.
[[0;32m  OK  [0m] Started LXD - container startup/shutdown.
[[0;32m  OK  [0m] Started LSB: Set the CPU Frequency Scaling governor to "ondemand".
[[0;32m  OK  [0m] Started LSB: VirtualBox Linux Additions.
[[0;32m  OK  [0m] Started Terminate Plymouth Boot Screen.
[[0;32m  OK  [0m] Started Hold until boot process finishes up.
[[0;32m  OK  [0m] Started Serial Getty on ttyS0.
[[0;32m  OK  [0m] Started Getty on tty1.
[[0;32m  OK  [0m] Reached target Login Prompts.
         Starting Set console scheme...
[[0;32m  OK  [0m] Started Set console scheme.
[[0;32m  OK  [0m] Started PostgreSQL Cluster 9.5-main.
         Starting PostgreSQL RDBMS...
[[0;32m  OK  [0m] Started PostgreSQL RDBMS.
[[0;32m  OK  [0m] Reached target Multi-User System.
[[0;32m  OK  [0m] Reached target Graphical Interface.
         Starting Update UTMP about System Runlevel Changes...
         Starting Execute cloud user/final scripts...
[[0;32m  OK  [0m] Started Update UTMP about System Runlevel Changes.
[[0;32m  OK  [0m] Created slice User Slice of ubuntu.
         Starting User Manager for UID 1000...
[[0;32m  OK  [0m] Started Session 1 of user ubuntu.
[   47.459812] cloud-init[1229]: Cloud-init v. 0.7.9 running 'modules:final' at Thu, 28 Sep 2017 05:15:48 +0000. Up 47.33 seconds.
[   47.465956] cloud-init[1229]: Cloud-init v. 0.7.9 finished at Thu, 28 Sep 2017 05:15:48 +0000. Datasource DataSourceNoCloud [seed=/dev/sdb][dsmode=net].  Up 47.45 seconds
[[0;32m  OK  [0m] Started User Manager for UID 1000.
[[0;32m  OK  [0m] Started Execute cloud user/final scripts.
[[0;32m  OK  [0m] Reached target Cloud-init target.

Ubuntu 16.04.3 LTS ubuntu-xenial ttyS0

ubuntu-xenial login: [[0;32m  OK  [0m] Stoppe         Stopping OpenBSD Secure Shell server...
[[0;32m  OK  [0m] Stopped PostgreSQL RDBMS.
         Stopping PostgreSQL Cluster 9.5-main...
         Stopping FUSE filesystem for LXC...
         Stopping Deferred execution scheduler...
         Stopping LSB: automatic crash report generation...
         Stopping Snappy daemon...
         Stopping LSB: VirtualBox Linux Additions...
         Stopping LSB: Record successful boot for GRUB...
         Stopping Accounts Service...
         Stopping LSB: Start/stop sysstat's sadc...
         Stopping LSB: MD monitoring daemon...
         Stopping LSB: daemon to balance interrupts for SMP systems...
         Stopping LXD - container startup/shutdown...
         Stopping Regular background program processing daemon...
         Stopping ACPI event daemon...
         Stopping LSB: Set the CPU Frequency Scaling governor to "ondemand"...
[[0;32m  OK  [0m] Stopped target Cloud-config availability.
[[0;32m  OK  [0m] Unmounted /var/lib/lxcfs.
[[0;32m  OK  [0m] Stopped OpenBSD Secure Shell server.
[[0;32m  OK  [0m] Stopped Deferred execution scheduler.
[[0;32m  OK  [0m] Stopped ACPI event daemon.
[[0;32m  OK  [0m] Stopped Accounts Service.
[[0;32m  OK  [0m] Stopped Snappy daemon.
[[0;32m  OK  [0m] Stopped System Logging Service.
[[0;32m  OK  [0m] Stopped Regular background program processing daemon.
[[0;32m  OK  [0m] Stopped Authenticate and Authorize Users to Run Privileged Tasks.
[[0;32m  OK  [0m] Stopped Serial Getty on ttyS0.
[[0;32m  OK  [0m] Stopped Getty on tty1.
[[0;32m  OK  [0m] Stopped User Manager for UID 1000.
[[0;32m  OK  [0m] Stopped Unattended Upgrades Shutdown.
[[0;32m  OK  [0m] Stopped Session 6 of user ubuntu.
[[0;32m  OK  [0m] Stopped D-Bus System Message Bus.
[[0;32m  OK  [0m] Stopped PostgreSQL Cluster 9.5-main.
[[0;32m  OK  [0m] Stopped FUSE filesystem for LXC.
[[0;32m  OK  [0m] Stopped LSB: Record successful boot for GRUB.
[[0;32m  OK  [0m] Stopped LSB: automatic crash report generation.
[[0;32m  OK  [0m] Stopped LSB: VirtualBox Linux Additions.
[[0;32m  OK  [0m] Stopped LSB: Start/stop sysstat's sadc.
[[0;32m  OK  [0m] Stopped LSB: MD monitoring daemon.
[[0;32m  OK  [0m] Stopped LSB: daemon to balance interrupts for SMP systems.
[[0;32m  OK  [0m] Stopped LXD - container startup/shutdown.
[[0;32m  OK  [0m] Stopped LSB: Set the CPU Frequency Scaling governor to "ondemand".
[[0;32m  OK  [0m] Removed slice system-postgresql.slice.
[[0;32m  OK  [0m] Removed slice User Slice of ubuntu.
         Stopping Login Service...
[[0;32m  OK  [0m] Removed slice system-getty.slice.
         Stopping Permit User Sessions...
[[0;32m  OK  [0m] Stopped /etc/rc.local Compatibility.
[[0;32m  OK  [0m] Removed slice system-serial\x2dgetty.slice.
[[0;32m  OK  [0m] Stopped Login Service.
[[0;32m  OK  [0m] Stopped Permit User Sessions.
[[0;32m  OK  [0m] Stopped target Remote File Systems.
[[0;32m  OK  [0m] Stopped target Remote File Systems (Pre).
         Stopping Login to default iSCSI targets...
[[0;32m  OK  [0m] Stopped target Basic System.
[[0;32m  OK  [0m] Stopped target Paths.
[[0;32m  OK  [0m] Stopped Forward Password Requests to Wall Directory Watch.
[[0;32m  OK  [0m] Stopped Dispatch Password Requests to Console Directory Watch.
[[0;32m  OK  [0m] Stopped ACPI Events Check.
[[0;32m  OK  [0m] Stopped target Sockets.
[[0;32m  OK  [0m] Closed ACPID Listen Socket.
[[0;32m  OK  [0m] Closed Socket activation for snappy daemon.
[[0;32m  OK  [0m] Closed UUID daemon activation socket.
[[0;32m  OK  [0m] Closed Syslog Socket.
[[0;32m  OK  [0m] Closed LXD - unix socket.
[[0;32m  OK  [0m] Stopped target Slices.
[[0;32m  OK  [0m] Stopped target User and Group Name Lookups.
[[0;32m  OK  [0m] Closed D-Bus System Message Bus Socket.
[[0;32m  OK  [0m] Stopped target System Initialization.
         Stopping Load/Save Random Seed...
[[0;32m  OK  [0m] Stopped target Swap.
[[0;32m  OK  [0m] Stopped Create Volatile Files and Directories.
[[0;32m  OK  [0m] Stopped target Encrypted Volumes.
[[0;32m  OK  [0m] Removed slice User and Session Slice.
[[0;32m  OK  [0m] Stopped Load/Save Random Seed.
[[0;32m  OK  [0m] Stopped Login to default iSCSI targets.
         Stopping iSCSI initiator daemon (iscsid)...
[[0;32m  OK  [0m] Stopped iSCSI initiator daemon (iscsid).
[[0;32m  OK  [0m] Stopped target Network is Online.
[[0;32m  OK  [0m] Stopped Initial cloud-init job (metadata service crawler).
[[0;32m  OK  [0m] Stopped target Network.
         Stopping Raise network interfaces...
[[0;32m  OK  [0m] Stopped Raise network interfaces.
[[0;32m  OK  [0m] Stopped target Local File Systems.
         Unmounting /vagrant...
         Unmounting /run/user/1000...
[[0;32m  OK  [0m] Stopped target Network (Pre).
[[0;32m  OK  [0m] Stopped Initial cloud-init job (pre-networking).
[[0;32m  OK  [0m] Stopped Apply Kernel Variables.
[[0;32m  OK  [0m] Stopped Load Kernel Modules.
[[0;32m  OK  [0m] Unmounted /vagrant.
[[0;32m  OK  [0m] Unmounted /run/user/1000.
[[0;32m  OK  [0m] Reached target Unmount All Filesystems.
[[0;32m  OK  [0m] Stopped target Local File Systems (Pre).
         Stopping Monitoring of LVM2 mirrors... dmeventd or progress polling...
[[0;32m  OK  [0m] Stopped Create Static Device Nodes in /dev.
[[0;32m  OK  [0m] Stopped Remount Root and Kernel File Systems.
[[0;32m  OK  [0m] Reached target Shutdown.
[ 1642.781268] reboot: Power down
